[2020-09-14 07:07:46] local.ERROR: The authorization grant type is not supported by the authorization server. {"exception":"[object] (Laravel\\Passport\\Exceptions\\OAuthServerException(code: 2): The authorization grant type is not supported by the authorization server. at D:\\DEV\\laragon\\www\\ip-mesuji\\vendor\\laravel\\passport\\src\\Http\\Controllers\\HandlesOAuthErrors.php:26)
[stacktrace]
#0 D:\\DEV\\laragon\\www\\ip-mesuji\\vendor\\laravel\\passport\\src\\Http\\Controllers\\AccessTokenController.php(65): Laravel\\Passport\\Http\\Controllers\\AccessTokenController->withErrorHandling(Object(Closure))
#1 D:\\DEV\\laragon\\www\\ip-mesuji\\vendor\\laravel\\framework\\src\\Illuminate\\Routing\\ControllerDispatcher.php(48): Laravel\\Passport\\Http\\Controllers\\AccessTokenController->issueToken(Object(Nyholm\\Psr7\\ServerRequest))
#2 D:\\DEV\\laragon\\www\\ip-mesuji\\vendor\\laravel\\framework\\src\\Illuminate\\Routing\\Route.php(239): Illuminate\\Routing\\ControllerDispatcher->dispatch(Object(Illuminate\\Routing\\Route), Object(Laravel\\Passport\\Http\\Controllers\\AccessTokenController), 'issueToken')
#3 D:\\DEV\\laragon\\www\\ip-mesuji\\vendor\\laravel\\framework\\src\\Illuminate\\Routing\\Route.php(196): Illuminate\\Routing\\Route->runController()
#4 D:\\DEV\\laragon\\www\\ip-mesuji\\vendor\\laravel\\framework\\src\\Illuminate\\Routing\\Router.php(685): Illuminate\\Routing\\Route->run()
#5 D:\\DEV\\laragon\\www\\ip-mesuji\\vendor\\laravel\\framework\\src\\Illuminate\\Pipeline\\Pipeline.php(128): Illuminate\\Routing\\Router->Illuminate\\Routing\\{closure}(Object(Illuminate\\Http\\Request))
#6 D:\\DEV\\laragon\\www\\ip-mesuji\\vendor\\laravel\\framework\\src\\Illuminate\\Routing\\Middleware\\ThrottleRequests.php(59): Illuminate\\Pipeline\\Pipeline->Illuminate\\Pipeline\\{closure}(Object(Illuminate\\Http\\Request))
#7 D:\\DEV\\laragon\\www\\ip-mesuji\\vendor\\laravel\\framework\\src\\Illuminate\\Pipeline\\Pipeline.php(167): Illuminate\\Routing\\Middleware\\ThrottleRequests->handle(Object(Illuminate\\Http\\Request), Object(Closure))
#8 D:\\DEV\\laragon\\www\\ip-mesuji\\vendor\\laravel\\framework\\src\\Illuminate\\Pipeline\\Pipeline.php(103): Illuminate\\Pipeline\\Pipeline->Illuminate\\Pipeline\\{closure}(Object(Illuminate\\Http\\Request))
#9 D:\\DEV\\laragon\\www\\ip-mesuji\\vendor\\laravel\\framework\\src\\Illuminate\\Routing\\Router.php(687): Illuminate\\Pipeline\\Pipeline->then(Object(Closure))
#10 D:\\DEV\\laragon\\www\\ip-mesuji\\vendor\\laravel\\framework\\src\\Illuminate\\Routing\\Router.php(662): Illuminate\\Routing\\Router->runRouteWithinStack(Object(Illuminate\\Routing\\Route), Object(Illuminate\\Http\\Request))
#11 D:\\DEV\\laragon\\www\\ip-mesuji\\vendor\\laravel\\framework\\src\\Illuminate\\Routing\\Router.php(628): Illuminate\\Routing\\Router->runRoute(Object(Illuminate\\Http\\Request), Object(Illuminate\\Routing\\Route))
#12 D:\\DEV\\laragon\\www\\ip-mesuji\\vendor\\laravel\\framework\\src\\Illuminate\\Routing\\Router.php(617): Illuminate\\Routing\\Router->dispatchToRoute(Object(Illuminate\\Http\\Request))
#13 D:\\DEV\\laragon\\www\\ip-mesuji\\vendor\\laravel\\framework\\src\\Illuminate\\Foundation\\Http\\Kernel.php(165): Illuminate\\Routing\\Router->dispatch(Object(Illuminate\\Http\\Request))
#14 D:\\DEV\\laragon\\www\\ip-mesuji\\vendor\\laravel\\framework\\src\\Illuminate\\Pipeline\\Pipeline.php(128): Illuminate\\Foundation\\Http\\Kernel->Illuminate\\Foundation\\Http\\{closure}(Object(Illuminate\\Http\\Request))
#15 D:\\DEV\\laragon\\www\\ip-mesuji\\vendor\\laravel\\framework\\src\\Illuminate\\Foundation\\Http\\Middleware\\TransformsRequest.php(21): Illuminate\\Pipeline\\Pipeline->Illuminate\\Pipeline\\{closure}(Object(Illuminate\\Http\\Request))
#16 D:\\DEV\\laragon\\www\\ip-mesuji\\vendor\\laravel\\framework\\src\\Illuminate\\Pipeline\\Pipeline.php(167): Illuminate\\Foundation\\Http\\Middleware\\TransformsRequest->handle(Object(Illuminate\\Http\\Request), Object(Closure))
#17 D:\\DEV\\laragon\\www\\ip-mesuji\\vendor\\laravel\\framework\\src\\Illuminate\\Foundation\\Http\\Middleware\\TransformsRequest.php(21): Illuminate\\Pipeline\\Pipeline->Illuminate\\Pipeline\\{closure}(Object(Illuminate\\Http\\Request))
#18 D:\\DEV\\laragon\\www\\ip-mesuji\\vendor\\laravel\\framework\\src\\Illuminate\\Pipeline\\Pipeline.php(167): Illuminate\\Foundation\\Http\\Middleware\\TransformsRequest->handle(Object(Illuminate\\Http\\Request), Object(Closure))
#19 D:\\DEV\\laragon\\www\\ip-mesuji\\vendor\\laravel\\framework\\src\\Illuminate\\Foundation\\Http\\Middleware\\ValidatePostSize.php(27): Illuminate\\Pipeline\\Pipeline->Illuminate\\Pipeline\\{closure}(Object(Illuminate\\Http\\Request))
#20 D:\\DEV\\laragon\\www\\ip-mesuji\\vendor\\laravel\\framework\\src\\Illuminate\\Pipeline\\Pipeline.php(167): Illuminate\\Foundation\\Http\\Middleware\\ValidatePostSize->handle(Object(Illuminate\\Http\\Request), Object(Closure))
#21 D:\\DEV\\laragon\\www\\ip-mesuji\\vendor\\fruitcake\\laravel-cors\\src\\HandleCors.php(37): Illuminate\\Pipeline\\Pipeline->Illuminate\\Pipeline\\{closure}(Object(Illuminate\\Http\\Request))
#22 D:\\DEV\\laragon\\www\\ip-mesuji\\vendor\\laravel\\framework\\src\\Illuminate\\Pipeline\\Pipeline.php(167): Fruitcake\\Cors\\HandleCors->handle(Object(Illuminate\\Http\\Request), Object(Closure))
#23 D:\\DEV\\laragon\\www\\ip-mesuji\\vendor\\laravel\\framework\\src\\Illuminate\\Foundation\\Http\\Middleware\\CheckForMaintenanceMode.php(63): Illuminate\\Pipeline\\Pipeline->Illuminate\\Pipeline\\{closure}(Object(Illuminate\\Http\\Request))
#24 D:\\DEV\\laragon\\www\\ip-mesuji\\vendor\\laravel\\framework\\src\\Illuminate\\Pipeline\\Pipeline.php(167): Illuminate\\Foundation\\Http\\Middleware\\CheckForMaintenanceMode->handle(Object(Illuminate\\Http\\Request), Object(Closure))
#25 D:\\DEV\\laragon\\www\\ip-mesuji\\vendor\\fideloper\\proxy\\src\\TrustProxies.php(57): Illuminate\\Pipeline\\Pipeline->Illuminate\\Pipeline\\{closure}(Object(Illuminate\\Http\\Request))
#26 D:\\DEV\\laragon\\www\\ip-mesuji\\vendor\\laravel\\framework\\src\\Illuminate\\Pipeline\\Pipeline.php(167): Fideloper\\Proxy\\TrustProxies->handle(Object(Illuminate\\Http\\Request), Object(Closure))
#27 D:\\DEV\\laragon\\www\\ip-mesuji\\vendor\\laravel\\framework\\src\\Illuminate\\Pipeline\\Pipeline.php(103): Illuminate\\Pipeline\\Pipeline->Illuminate\\Pipeline\\{closure}(Object(Illuminate\\Http\\Request))
#28 D:\\DEV\\laragon\\www\\ip-mesuji\\vendor\\laravel\\framework\\src\\Illuminate\\Foundation\\Http\\Kernel.php(140): Illuminate\\Pipeline\\Pipeline->then(Object(Closure))
#29 D:\\DEV\\laragon\\www\\ip-mesuji\\vendor\\laravel\\framework\\src\\Illuminate\\Foundation\\Http\\Kernel.php(109): Illuminate\\Foundation\\Http\\Kernel->sendRequestThroughRouter(Object(Illuminate\\Http\\Request))
#30 D:\\DEV\\laragon\\www\\ip-mesuji\\public\\index.php(55): Illuminate\\Foundation\\Http\\Kernel->handle(Object(Illuminate\\Http\\Request))
#31 D:\\DEV\\laragon\\www\\ip-mesuji\\server.php(21): require_once('D:\\\\DEV\\\\laragon\\\\...')
#32 {main}

[previous exception] [object] (League\\OAuth2\\Server\\Exception\\OAuthServerException(code: 2): The authorization grant type is not supported by the authorization server. at D:\\DEV\\laragon\\www\\ip-mesuji\\vendor\\league\\oauth2-server\\src\\Exception\\OAuthServerException.php:124)
[stacktrace]
#0 D:\\DEV\\laragon\\www\\ip-mesuji\\vendor\\league\\oauth2-server\\src\\AuthorizationServer.php(206): League\\OAuth2\\Server\\Exception\\OAuthServerException::unsupportedGrantType()
#1 D:\\DEV\\laragon\\www\\ip-mesuji\\vendor\\laravel\\passport\\src\\Http\\Controllers\\AccessTokenController.php(63): League\\OAuth2\\Server\\AuthorizationServer->respondToAccessTokenRequest(Object(Nyholm\\Psr7\\ServerRequest), Object(Laminas\\Diactoros\\Response))
#2 D:\\DEV\\laragon\\www\\ip-mesuji\\vendor\\laravel\\passport\\src\\Http\\Controllers\\HandlesOAuthErrors.php(24): Laravel\\Passport\\Http\\Controllers\\AccessTokenController->Laravel\\Passport\\Http\\Controllers\\{closure}()
#3 D:\\DEV\\laragon\\www\\ip-mesuji\\vendor\\laravel\\passport\\src\\Http\\Controllers\\AccessTokenController.php(65): Laravel\\Passport\\Http\\Controllers\\AccessTokenController->withErrorHandling(Object(Closure))
#4 D:\\DEV\\laragon\\www\\ip-mesuji\\vendor\\laravel\\framework\\src\\Illuminate\\Routing\\ControllerDispatcher.php(48): Laravel\\Passport\\Http\\Controllers\\AccessTokenController->issueToken(Object(Nyholm\\Psr7\\ServerRequest))
#5 D:\\DEV\\laragon\\www\\ip-mesuji\\vendor\\laravel\\framework\\src\\Illuminate\\Routing\\Route.php(239): Illuminate\\Routing\\ControllerDispatcher->dispatch(Object(Illuminate\\Routing\\Route), Object(Laravel\\Passport\\Http\\Controllers\\AccessTokenController), 'issueToken')
#6 D:\\DEV\\laragon\\www\\ip-mesuji\\vendor\\laravel\\framework\\src\\Illuminate\\Routing\\Route.php(196): Illuminate\\Routing\\Route->runController()
#7 D:\\DEV\\laragon\\www\\ip-mesuji\\vendor\\laravel\\framework\\src\\Illuminate\\Routing\\Router.php(685): Illuminate\\Routing\\Route->run()
#8 D:\\DEV\\laragon\\www\\ip-mesuji\\vendor\\laravel\\framework\\src\\Illuminate\\Pipeline\\Pipeline.php(128): Illuminate\\Routing\\Router->Illuminate\\Routing\\{closure}(Object(Illuminate\\Http\\Request))
#9 D:\\DEV\\laragon\\www\\ip-mesuji\\vendor\\laravel\\framework\\src\\Illuminate\\Routing\\Middleware\\ThrottleRequests.php(59): Illuminate\\Pipeline\\Pipeline->Illuminate\\Pipeline\\{closure}(Object(Illuminate\\Http\\Request))
#10 D:\\DEV\\laragon\\www\\ip-mesuji\\vendor\\laravel\\framework\\src\\Illuminate\\Pipeline\\Pipeline.php(167): Illuminate\\Routing\\Middleware\\ThrottleRequests->handle(Object(Illuminate\\Http\\Request), Object(Closure))
#11 D:\\DEV\\laragon\\www\\ip-mesuji\\vendor\\laravel\\framework\\src\\Illuminate\\Pipeline\\Pipeline.php(103): Illuminate\\Pipeline\\Pipeline->Illuminate\\Pipeline\\{closure}(Object(Illuminate\\Http\\Request))
#12 D:\\DEV\\laragon\\www\\ip-mesuji\\vendor\\laravel\\framework\\src\\Illuminate\\Routing\\Router.php(687): Illuminate\\Pipeline\\Pipeline->then(Object(Closure))
#13 D:\\DEV\\laragon\\www\\ip-mesuji\\vendor\\laravel\\framework\\src\\Illuminate\\Routing\\Router.php(662): Illuminate\\Routing\\Router->runRouteWithinStack(Object(Illuminate\\Routing\\Route), Object(Illuminate\\Http\\Request))
#14 D:\\DEV\\laragon\\www\\ip-mesuji\\vendor\\laravel\\framework\\src\\Illuminate\\Routing\\Router.php(628): Illuminate\\Routing\\Router->runRoute(Object(Illuminate\\Http\\Request), Object(Illuminate\\Routing\\Route))
#15 D:\\DEV\\laragon\\www\\ip-mesuji\\vendor\\laravel\\framework\\src\\Illuminate\\Routing\\Router.php(617): Illuminate\\Routing\\Router->dispatchToRoute(Object(Illuminate\\Http\\Request))
#16 D:\\DEV\\laragon\\www\\ip-mesuji\\vendor\\laravel\\framework\\src\\Illuminate\\Foundation\\Http\\Kernel.php(165): Illuminate\\Routing\\Router->dispatch(Object(Illuminate\\Http\\Request))
#17 D:\\DEV\\laragon\\www\\ip-mesuji\\vendor\\laravel\\framework\\src\\Illuminate\\Pipeline\\Pipeline.php(128): Illuminate\\Foundation\\Http\\Kernel->Illuminate\\Foundation\\Http\\{closure}(Object(Illuminate\\Http\\Request))
#18 D:\\DEV\\laragon\\www\\ip-mesuji\\vendor\\laravel\\framework\\src\\Illuminate\\Foundation\\Http\\Middleware\\TransformsRequest.php(21): Illuminate\\Pipeline\\Pipeline->Illuminate\\Pipeline\\{closure}(Object(Illuminate\\Http\\Request))
#19 D:\\DEV\\laragon\\www\\ip-mesuji\\vendor\\laravel\\framework\\src\\Illuminate\\Pipeline\\Pipeline.php(167): Illuminate\\Foundation\\Http\\Middleware\\TransformsRequest->handle(Object(Illuminate\\Http\\Request), Object(Closure))
#20 D:\\DEV\\laragon\\www\\ip-mesuji\\vendor\\laravel\\framework\\src\\Illuminate\\Foundation\\Http\\Middleware\\TransformsRequest.php(21): Illuminate\\Pipeline\\Pipeline->Illuminate\\Pipeline\\{closure}(Object(Illuminate\\Http\\Request))
#21 D:\\DEV\\laragon\\www\\ip-mesuji\\vendor\\laravel\\framework\\src\\Illuminate\\Pipeline\\Pipeline.php(167): Illuminate\\Foundation\\Http\\Middleware\\TransformsRequest->handle(Object(Illuminate\\Http\\Request), Object(Closure))
#22 D:\\DEV\\laragon\\www\\ip-mesuji\\vendor\\laravel\\framework\\src\\Illuminate\\Foundation\\Http\\Middleware\\ValidatePostSize.php(27): Illuminate\\Pipeline\\Pipeline->Illuminate\\Pipeline\\{closure}(Object(Illuminate\\Http\\Request))
#23 D:\\DEV\\laragon\\www\\ip-mesuji\\vendor\\laravel\\framework\\src\\Illuminate\\Pipeline\\Pipeline.php(167): Illuminate\\Foundation\\Http\\Middleware\\ValidatePostSize->handle(Object(Illuminate\\Http\\Request), Object(Closure))
#24 D:\\DEV\\laragon\\www\\ip-mesuji\\vendor\\fruitcake\\laravel-cors\\src\\HandleCors.php(37): Illuminate\\Pipeline\\Pipeline->Illuminate\\Pipeline\\{closure}(Object(Illuminate\\Http\\Request))
#25 D:\\DEV\\laragon\\www\\ip-mesuji\\vendor\\laravel\\framework\\src\\Illuminate\\Pipeline\\Pipeline.php(167): Fruitcake\\Cors\\HandleCors->handle(Object(Illuminate\\Http\\Request), Object(Closure))
#26 D:\\DEV\\laragon\\www\\ip-mesuji\\vendor\\laravel\\framework\\src\\Illuminate\\Foundation\\Http\\Middleware\\CheckForMaintenanceMode.php(63): Illuminate\\Pipeline\\Pipeline->Illuminate\\Pipeline\\{closure}(Object(Illuminate\\Http\\Request))
#27 D:\\DEV\\laragon\\www\\ip-mesuji\\vendor\\laravel\\framework\\src\\Illuminate\\Pipeline\\Pipeline.php(167): Illuminate\\Foundation\\Http\\Middleware\\CheckForMaintenanceMode->handle(Object(Illuminate\\Http\\Request), Object(Closure))
#28 D:\\DEV\\laragon\\www\\ip-mesuji\\vendor\\fideloper\\proxy\\src\\TrustProxies.php(57): Illuminate\\Pipeline\\Pipeline->Illuminate\\Pipeline\\{closure}(Object(Illuminate\\Http\\Request))
#29 D:\\DEV\\laragon\\www\\ip-mesuji\\vendor\\laravel\\framework\\src\\Illuminate\\Pipeline\\Pipeline.php(167): Fideloper\\Proxy\\TrustProxies->handle(Object(Illuminate\\Http\\Request), Object(Closure))
#30 D:\\DEV\\laragon\\www\\ip-mesuji\\vendor\\laravel\\framework\\src\\Illuminate\\Pipeline\\Pipeline.php(103): Illuminate\\Pipeline\\Pipeline->Illuminate\\Pipeline\\{closure}(Object(Illuminate\\Http\\Request))
#31 D:\\DEV\\laragon\\www\\ip-mesuji\\vendor\\laravel\\framework\\src\\Illuminate\\Foundation\\Http\\Kernel.php(140): Illuminate\\Pipeline\\Pipeline->then(Object(Closure))
#32 D:\\DEV\\laragon\\www\\ip-mesuji\\vendor\\laravel\\framework\\src\\Illuminate\\Foundation\\Http\\Kernel.php(109): Illuminate\\Foundation\\Http\\Kernel->sendRequestThroughRouter(Object(Illuminate\\Http\\Request))
#33 D:\\DEV\\laragon\\www\\ip-mesuji\\public\\index.php(55): Illuminate\\Foundation\\Http\\Kernel->handle(Object(Illuminate\\Http\\Request))
#34 D:\\DEV\\laragon\\www\\ip-mesuji\\server.php(21): require_once('D:\\\\DEV\\\\laragon\\\\...')
#35 {main}
"} 
[2020-09-14 07:10:11] local.ERROR: The authorization grant type is not supported by the authorization server. {"exception":"[object] (Laravel\\Passport\\Exceptions\\OAuthServerException(code: 2): The authorization grant type is not supported by the authorization server. at D:\\DEV\\laragon\\www\\ip-mesuji\\vendor\\laravel\\passport\\src\\Http\\Controllers\\HandlesOAuthErrors.php:26)
[stacktrace]
#0 D:\\DEV\\laragon\\www\\ip-mesuji\\vendor\\laravel\\passport\\src\\Http\\Controllers\\AccessTokenController.php(65): Laravel\\Passport\\Http\\Controllers\\AccessTokenController->withErrorHandling(Object(Closure))
#1 D:\\DEV\\laragon\\www\\ip-mesuji\\vendor\\laravel\\framework\\src\\Illuminate\\Routing\\ControllerDispatcher.php(48): Laravel\\Passport\\Http\\Controllers\\AccessTokenController->issueToken(Object(Nyholm\\Psr7\\ServerRequest))
#2 D:\\DEV\\laragon\\www\\ip-mesuji\\vendor\\laravel\\framework\\src\\Illuminate\\Routing\\Route.php(239): Illuminate\\Routing\\ControllerDispatcher->dispatch(Object(Illuminate\\Routing\\Route), Object(Laravel\\Passport\\Http\\Controllers\\AccessTokenController), 'issueToken')
#3 D:\\DEV\\laragon\\www\\ip-mesuji\\vendor\\laravel\\framework\\src\\Illuminate\\Routing\\Route.php(196): Illuminate\\Routing\\Route->runController()
#4 D:\\DEV\\laragon\\www\\ip-mesuji\\vendor\\laravel\\framework\\src\\Illuminate\\Routing\\Router.php(685): Illuminate\\Routing\\Route->run()
#5 D:\\DEV\\laragon\\www\\ip-mesuji\\vendor\\laravel\\framework\\src\\Illuminate\\Pipeline\\Pipeline.php(128): Illuminate\\Routing\\Router->Illuminate\\Routing\\{closure}(Object(Illuminate\\Http\\Request))
#6 D:\\DEV\\laragon\\www\\ip-mesuji\\vendor\\laravel\\framework\\src\\Illuminate\\Routing\\Middleware\\ThrottleRequests.php(59): Illuminate\\Pipeline\\Pipeline->Illuminate\\Pipeline\\{closure}(Object(Illuminate\\Http\\Request))
#7 D:\\DEV\\laragon\\www\\ip-mesuji\\vendor\\laravel\\framework\\src\\Illuminate\\Pipeline\\Pipeline.php(167): Illuminate\\Routing\\Middleware\\ThrottleRequests->handle(Object(Illuminate\\Http\\Request), Object(Closure))
#8 D:\\DEV\\laragon\\www\\ip-mesuji\\vendor\\laravel\\framework\\src\\Illuminate\\Pipeline\\Pipeline.php(103): Illuminate\\Pipeline\\Pipeline->Illuminate\\Pipeline\\{closure}(Object(Illuminate\\Http\\Request))
#9 D:\\DEV\\laragon\\www\\ip-mesuji\\vendor\\laravel\\framework\\src\\Illuminate\\Routing\\Router.php(687): Illuminate\\Pipeline\\Pipeline->then(Object(Closure))
#10 D:\\DEV\\laragon\\www\\ip-mesuji\\vendor\\laravel\\framework\\src\\Illuminate\\Routing\\Router.php(662): Illuminate\\Routing\\Router->runRouteWithinStack(Object(Illuminate\\Routing\\Route), Object(Illuminate\\Http\\Request))
#11 D:\\DEV\\laragon\\www\\ip-mesuji\\vendor\\laravel\\framework\\src\\Illuminate\\Routing\\Router.php(628): Illuminate\\Routing\\Router->runRoute(Object(Illuminate\\Http\\Request), Object(Illuminate\\Routing\\Route))
#12 D:\\DEV\\laragon\\www\\ip-mesuji\\vendor\\laravel\\framework\\src\\Illuminate\\Routing\\Router.php(617): Illuminate\\Routing\\Router->dispatchToRoute(Object(Illuminate\\Http\\Request))
#13 D:\\DEV\\laragon\\www\\ip-mesuji\\vendor\\laravel\\framework\\src\\Illuminate\\Foundation\\Http\\Kernel.php(165): Illuminate\\Routing\\Router->dispatch(Object(Illuminate\\Http\\Request))
#14 D:\\DEV\\laragon\\www\\ip-mesuji\\vendor\\laravel\\framework\\src\\Illuminate\\Pipeline\\Pipeline.php(128): Illuminate\\Foundation\\Http\\Kernel->Illuminate\\Foundation\\Http\\{closure}(Object(Illuminate\\Http\\Request))
#15 D:\\DEV\\laragon\\www\\ip-mesuji\\vendor\\laravel\\framework\\src\\Illuminate\\Foundation\\Http\\Middleware\\TransformsRequest.php(21): Illuminate\\Pipeline\\Pipeline->Illuminate\\Pipeline\\{closure}(Object(Illuminate\\Http\\Request))
#16 D:\\DEV\\laragon\\www\\ip-mesuji\\vendor\\laravel\\framework\\src\\Illuminate\\Pipeline\\Pipeline.php(167): Illuminate\\Foundation\\Http\\Middleware\\TransformsRequest->handle(Object(Illuminate\\Http\\Request), Object(Closure))
#17 D:\\DEV\\laragon\\www\\ip-mesuji\\vendor\\laravel\\framework\\src\\Illuminate\\Foundation\\Http\\Middleware\\TransformsRequest.php(21): Illuminate\\Pipeline\\Pipeline->Illuminate\\Pipeline\\{closure}(Object(Illuminate\\Http\\Request))
#18 D:\\DEV\\laragon\\www\\ip-mesuji\\vendor\\laravel\\framework\\src\\Illuminate\\Pipeline\\Pipeline.php(167): Illuminate\\Foundation\\Http\\Middleware\\TransformsRequest->handle(Object(Illuminate\\Http\\Request), Object(Closure))
#19 D:\\DEV\\laragon\\www\\ip-mesuji\\vendor\\laravel\\framework\\src\\Illuminate\\Foundation\\Http\\Middleware\\ValidatePostSize.php(27): Illuminate\\Pipeline\\Pipeline->Illuminate\\Pipeline\\{closure}(Object(Illuminate\\Http\\Request))
#20 D:\\DEV\\laragon\\www\\ip-mesuji\\vendor\\laravel\\framework\\src\\Illuminate\\Pipeline\\Pipeline.php(167): Illuminate\\Foundation\\Http\\Middleware\\ValidatePostSize->handle(Object(Illuminate\\Http\\Request), Object(Closure))
#21 D:\\DEV\\laragon\\www\\ip-mesuji\\vendor\\fruitcake\\laravel-cors\\src\\HandleCors.php(37): Illuminate\\Pipeline\\Pipeline->Illuminate\\Pipeline\\{closure}(Object(Illuminate\\Http\\Request))
#22 D:\\DEV\\laragon\\www\\ip-mesuji\\vendor\\laravel\\framework\\src\\Illuminate\\Pipeline\\Pipeline.php(167): Fruitcake\\Cors\\HandleCors->handle(Object(Illuminate\\Http\\Request), Object(Closure))
#23 D:\\DEV\\laragon\\www\\ip-mesuji\\vendor\\laravel\\framework\\src\\Illuminate\\Foundation\\Http\\Middleware\\CheckForMaintenanceMode.php(63): Illuminate\\Pipeline\\Pipeline->Illuminate\\Pipeline\\{closure}(Object(Illuminate\\Http\\Request))
#24 D:\\DEV\\laragon\\www\\ip-mesuji\\vendor\\laravel\\framework\\src\\Illuminate\\Pipeline\\Pipeline.php(167): Illuminate\\Foundation\\Http\\Middleware\\CheckForMaintenanceMode->handle(Object(Illuminate\\Http\\Request), Object(Closure))
#25 D:\\DEV\\laragon\\www\\ip-mesuji\\vendor\\fideloper\\proxy\\src\\TrustProxies.php(57): Illuminate\\Pipeline\\Pipeline->Illuminate\\Pipeline\\{closure}(Object(Illuminate\\Http\\Request))
#26 D:\\DEV\\laragon\\www\\ip-mesuji\\vendor\\laravel\\framework\\src\\Illuminate\\Pipeline\\Pipeline.php(167): Fideloper\\Proxy\\TrustProxies->handle(Object(Illuminate\\Http\\Request), Object(Closure))
#27 D:\\DEV\\laragon\\www\\ip-mesuji\\vendor\\laravel\\framework\\src\\Illuminate\\Pipeline\\Pipeline.php(103): Illuminate\\Pipeline\\Pipeline->Illuminate\\Pipeline\\{closure}(Object(Illuminate\\Http\\Request))
#28 D:\\DEV\\laragon\\www\\ip-mesuji\\vendor\\laravel\\framework\\src\\Illuminate\\Foundation\\Http\\Kernel.php(140): Illuminate\\Pipeline\\Pipeline->then(Object(Closure))
#29 D:\\DEV\\laragon\\www\\ip-mesuji\\vendor\\laravel\\framework\\src\\Illuminate\\Foundation\\Http\\Kernel.php(109): Illuminate\\Foundation\\Http\\Kernel->sendRequestThroughRouter(Object(Illuminate\\Http\\Request))
#30 D:\\DEV\\laragon\\www\\ip-mesuji\\public\\index.php(55): Illuminate\\Foundation\\Http\\Kernel->handle(Object(Illuminate\\Http\\Request))
#31 D:\\DEV\\laragon\\www\\ip-mesuji\\server.php(21): require_once('D:\\\\DEV\\\\laragon\\\\...')
#32 {main}

[previous exception] [object] (League\\OAuth2\\Server\\Exception\\OAuthServerException(code: 2): The authorization grant type is not supported by the authorization server. at D:\\DEV\\laragon\\www\\ip-mesuji\\vendor\\league\\oauth2-server\\src\\Exception\\OAuthServerException.php:124)
[stacktrace]
#0 D:\\DEV\\laragon\\www\\ip-mesuji\\vendor\\league\\oauth2-server\\src\\AuthorizationServer.php(206): League\\OAuth2\\Server\\Exception\\OAuthServerException::unsupportedGrantType()
#1 D:\\DEV\\laragon\\www\\ip-mesuji\\vendor\\laravel\\passport\\src\\Http\\Controllers\\AccessTokenController.php(63): League\\OAuth2\\Server\\AuthorizationServer->respondToAccessTokenRequest(Object(Nyholm\\Psr7\\ServerRequest), Object(Laminas\\Diactoros\\Response))
#2 D:\\DEV\\laragon\\www\\ip-mesuji\\vendor\\laravel\\passport\\src\\Http\\Controllers\\HandlesOAuthErrors.php(24): Laravel\\Passport\\Http\\Controllers\\AccessTokenController->Laravel\\Passport\\Http\\Controllers\\{closure}()
#3 D:\\DEV\\laragon\\www\\ip-mesuji\\vendor\\laravel\\passport\\src\\Http\\Controllers\\AccessTokenController.php(65): Laravel\\Passport\\Http\\Controllers\\AccessTokenController->withErrorHandling(Object(Closure))
#4 D:\\DEV\\laragon\\www\\ip-mesuji\\vendor\\laravel\\framework\\src\\Illuminate\\Routing\\ControllerDispatcher.php(48): Laravel\\Passport\\Http\\Controllers\\AccessTokenController->issueToken(Object(Nyholm\\Psr7\\ServerRequest))
#5 D:\\DEV\\laragon\\www\\ip-mesuji\\vendor\\laravel\\framework\\src\\Illuminate\\Routing\\Route.php(239): Illuminate\\Routing\\ControllerDispatcher->dispatch(Object(Illuminate\\Routing\\Route), Object(Laravel\\Passport\\Http\\Controllers\\AccessTokenController), 'issueToken')
#6 D:\\DEV\\laragon\\www\\ip-mesuji\\vendor\\laravel\\framework\\src\\Illuminate\\Routing\\Route.php(196): Illuminate\\Routing\\Route->runController()
#7 D:\\DEV\\laragon\\www\\ip-mesuji\\vendor\\laravel\\framework\\src\\Illuminate\\Routing\\Router.php(685): Illuminate\\Routing\\Route->run()
#8 D:\\DEV\\laragon\\www\\ip-mesuji\\vendor\\laravel\\framework\\src\\Illuminate\\Pipeline\\Pipeline.php(128): Illuminate\\Routing\\Router->Illuminate\\Routing\\{closure}(Object(Illuminate\\Http\\Request))
#9 D:\\DEV\\laragon\\www\\ip-mesuji\\vendor\\laravel\\framework\\src\\Illuminate\\Routing\\Middleware\\ThrottleRequests.php(59): Illuminate\\Pipeline\\Pipeline->Illuminate\\Pipeline\\{closure}(Object(Illuminate\\Http\\Request))
#10 D:\\DEV\\laragon\\www\\ip-mesuji\\vendor\\laravel\\framework\\src\\Illuminate\\Pipeline\\Pipeline.php(167): Illuminate\\Routing\\Middleware\\ThrottleRequests->handle(Object(Illuminate\\Http\\Request), Object(Closure))
#11 D:\\DEV\\laragon\\www\\ip-mesuji\\vendor\\laravel\\framework\\src\\Illuminate\\Pipeline\\Pipeline.php(103): Illuminate\\Pipeline\\Pipeline->Illuminate\\Pipeline\\{closure}(Object(Illuminate\\Http\\Request))
#12 D:\\DEV\\laragon\\www\\ip-mesuji\\vendor\\laravel\\framework\\src\\Illuminate\\Routing\\Router.php(687): Illuminate\\Pipeline\\Pipeline->then(Object(Closure))
#13 D:\\DEV\\laragon\\www\\ip-mesuji\\vendor\\laravel\\framework\\src\\Illuminate\\Routing\\Router.php(662): Illuminate\\Routing\\Router->runRouteWithinStack(Object(Illuminate\\Routing\\Route), Object(Illuminate\\Http\\Request))
#14 D:\\DEV\\laragon\\www\\ip-mesuji\\vendor\\laravel\\framework\\src\\Illuminate\\Routing\\Router.php(628): Illuminate\\Routing\\Router->runRoute(Object(Illuminate\\Http\\Request), Object(Illuminate\\Routing\\Route))
#15 D:\\DEV\\laragon\\www\\ip-mesuji\\vendor\\laravel\\framework\\src\\Illuminate\\Routing\\Router.php(617): Illuminate\\Routing\\Router->dispatchToRoute(Object(Illuminate\\Http\\Request))
#16 D:\\DEV\\laragon\\www\\ip-mesuji\\vendor\\laravel\\framework\\src\\Illuminate\\Foundation\\Http\\Kernel.php(165): Illuminate\\Routing\\Router->dispatch(Object(Illuminate\\Http\\Request))
#17 D:\\DEV\\laragon\\www\\ip-mesuji\\vendor\\laravel\\framework\\src\\Illuminate\\Pipeline\\Pipeline.php(128): Illuminate\\Foundation\\Http\\Kernel->Illuminate\\Foundation\\Http\\{closure}(Object(Illuminate\\Http\\Request))
#18 D:\\DEV\\laragon\\www\\ip-mesuji\\vendor\\laravel\\framework\\src\\Illuminate\\Foundation\\Http\\Middleware\\TransformsRequest.php(21): Illuminate\\Pipeline\\Pipeline->Illuminate\\Pipeline\\{closure}(Object(Illuminate\\Http\\Request))
#19 D:\\DEV\\laragon\\www\\ip-mesuji\\vendor\\laravel\\framework\\src\\Illuminate\\Pipeline\\Pipeline.php(167): Illuminate\\Foundation\\Http\\Middleware\\TransformsRequest->handle(Object(Illuminate\\Http\\Request), Object(Closure))
#20 D:\\DEV\\laragon\\www\\ip-mesuji\\vendor\\laravel\\framework\\src\\Illuminate\\Foundation\\Http\\Middleware\\TransformsRequest.php(21): Illuminate\\Pipeline\\Pipeline->Illuminate\\Pipeline\\{closure}(Object(Illuminate\\Http\\Request))
#21 D:\\DEV\\laragon\\www\\ip-mesuji\\vendor\\laravel\\framework\\src\\Illuminate\\Pipeline\\Pipeline.php(167): Illuminate\\Foundation\\Http\\Middleware\\TransformsRequest->handle(Object(Illuminate\\Http\\Request), Object(Closure))
#22 D:\\DEV\\laragon\\www\\ip-mesuji\\vendor\\laravel\\framework\\src\\Illuminate\\Foundation\\Http\\Middleware\\ValidatePostSize.php(27): Illuminate\\Pipeline\\Pipeline->Illuminate\\Pipeline\\{closure}(Object(Illuminate\\Http\\Request))
#23 D:\\DEV\\laragon\\www\\ip-mesuji\\vendor\\laravel\\framework\\src\\Illuminate\\Pipeline\\Pipeline.php(167): Illuminate\\Foundation\\Http\\Middleware\\ValidatePostSize->handle(Object(Illuminate\\Http\\Request), Object(Closure))
#24 D:\\DEV\\laragon\\www\\ip-mesuji\\vendor\\fruitcake\\laravel-cors\\src\\HandleCors.php(37): Illuminate\\Pipeline\\Pipeline->Illuminate\\Pipeline\\{closure}(Object(Illuminate\\Http\\Request))
#25 D:\\DEV\\laragon\\www\\ip-mesuji\\vendor\\laravel\\framework\\src\\Illuminate\\Pipeline\\Pipeline.php(167): Fruitcake\\Cors\\HandleCors->handle(Object(Illuminate\\Http\\Request), Object(Closure))
#26 D:\\DEV\\laragon\\www\\ip-mesuji\\vendor\\laravel\\framework\\src\\Illuminate\\Foundation\\Http\\Middleware\\CheckForMaintenanceMode.php(63): Illuminate\\Pipeline\\Pipeline->Illuminate\\Pipeline\\{closure}(Object(Illuminate\\Http\\Request))
#27 D:\\DEV\\laragon\\www\\ip-mesuji\\vendor\\laravel\\framework\\src\\Illuminate\\Pipeline\\Pipeline.php(167): Illuminate\\Foundation\\Http\\Middleware\\CheckForMaintenanceMode->handle(Object(Illuminate\\Http\\Request), Object(Closure))
#28 D:\\DEV\\laragon\\www\\ip-mesuji\\vendor\\fideloper\\proxy\\src\\TrustProxies.php(57): Illuminate\\Pipeline\\Pipeline->Illuminate\\Pipeline\\{closure}(Object(Illuminate\\Http\\Request))
#29 D:\\DEV\\laragon\\www\\ip-mesuji\\vendor\\laravel\\framework\\src\\Illuminate\\Pipeline\\Pipeline.php(167): Fideloper\\Proxy\\TrustProxies->handle(Object(Illuminate\\Http\\Request), Object(Closure))
#30 D:\\DEV\\laragon\\www\\ip-mesuji\\vendor\\laravel\\framework\\src\\Illuminate\\Pipeline\\Pipeline.php(103): Illuminate\\Pipeline\\Pipeline->Illuminate\\Pipeline\\{closure}(Object(Illuminate\\Http\\Request))
#31 D:\\DEV\\laragon\\www\\ip-mesuji\\vendor\\laravel\\framework\\src\\Illuminate\\Foundation\\Http\\Kernel.php(140): Illuminate\\Pipeline\\Pipeline->then(Object(Closure))
#32 D:\\DEV\\laragon\\www\\ip-mesuji\\vendor\\laravel\\framework\\src\\Illuminate\\Foundation\\Http\\Kernel.php(109): Illuminate\\Foundation\\Http\\Kernel->sendRequestThroughRouter(Object(Illuminate\\Http\\Request))
#33 D:\\DEV\\laragon\\www\\ip-mesuji\\public\\index.php(55): Illuminate\\Foundation\\Http\\Kernel->handle(Object(Illuminate\\Http\\Request))
#34 D:\\DEV\\laragon\\www\\ip-mesuji\\server.php(21): require_once('D:\\\\DEV\\\\laragon\\\\...')
#35 {main}
"} 
[2020-09-14 07:13:31] local.ERROR: The provided authorization grant (e.g., authorization code, resource owner credentials) or refresh token is invalid, expired, revoked, does not match the redirection URI used in the authorization request, or was issued to another client. {"exception":"[object] (Laravel\\Passport\\Exceptions\\OAuthServerException(code: 10): The provided authorization grant (e.g., authorization code, resource owner credentials) or refresh token is invalid, expired, revoked, does not match the redirection URI used in the authorization request, or was issued to another client. at D:\\DEV\\laragon\\www\\ip-mesuji\\vendor\\laravel\\passport\\src\\Http\\Controllers\\HandlesOAuthErrors.php:26)
[stacktrace]
#0 D:\\DEV\\laragon\\www\\ip-mesuji\\vendor\\laravel\\passport\\src\\Http\\Controllers\\AccessTokenController.php(65): Laravel\\Passport\\Http\\Controllers\\AccessTokenController->withErrorHandling(Object(Closure))
#1 D:\\DEV\\laragon\\www\\ip-mesuji\\vendor\\laravel\\framework\\src\\Illuminate\\Routing\\ControllerDispatcher.php(48): Laravel\\Passport\\Http\\Controllers\\AccessTokenController->issueToken(Object(Nyholm\\Psr7\\ServerRequest))
#2 D:\\DEV\\laragon\\www\\ip-mesuji\\vendor\\laravel\\framework\\src\\Illuminate\\Routing\\Route.php(239): Illuminate\\Routing\\ControllerDispatcher->dispatch(Object(Illuminate\\Routing\\Route), Object(Laravel\\Passport\\Http\\Controllers\\AccessTokenController), 'issueToken')
#3 D:\\DEV\\laragon\\www\\ip-mesuji\\vendor\\laravel\\framework\\src\\Illuminate\\Routing\\Route.php(196): Illuminate\\Routing\\Route->runController()
#4 D:\\DEV\\laragon\\www\\ip-mesuji\\vendor\\laravel\\framework\\src\\Illuminate\\Routing\\Router.php(685): Illuminate\\Routing\\Route->run()
#5 D:\\DEV\\laragon\\www\\ip-mesuji\\vendor\\laravel\\framework\\src\\Illuminate\\Pipeline\\Pipeline.php(128): Illuminate\\Routing\\Router->Illuminate\\Routing\\{closure}(Object(Illuminate\\Http\\Request))
#6 D:\\DEV\\laragon\\www\\ip-mesuji\\vendor\\laravel\\framework\\src\\Illuminate\\Routing\\Middleware\\ThrottleRequests.php(59): Illuminate\\Pipeline\\Pipeline->Illuminate\\Pipeline\\{closure}(Object(Illuminate\\Http\\Request))
#7 D:\\DEV\\laragon\\www\\ip-mesuji\\vendor\\laravel\\framework\\src\\Illuminate\\Pipeline\\Pipeline.php(167): Illuminate\\Routing\\Middleware\\ThrottleRequests->handle(Object(Illuminate\\Http\\Request), Object(Closure))
#8 D:\\DEV\\laragon\\www\\ip-mesuji\\vendor\\laravel\\framework\\src\\Illuminate\\Pipeline\\Pipeline.php(103): Illuminate\\Pipeline\\Pipeline->Illuminate\\Pipeline\\{closure}(Object(Illuminate\\Http\\Request))
#9 D:\\DEV\\laragon\\www\\ip-mesuji\\vendor\\laravel\\framework\\src\\Illuminate\\Routing\\Router.php(687): Illuminate\\Pipeline\\Pipeline->then(Object(Closure))
#10 D:\\DEV\\laragon\\www\\ip-mesuji\\vendor\\laravel\\framework\\src\\Illuminate\\Routing\\Router.php(662): Illuminate\\Routing\\Router->runRouteWithinStack(Object(Illuminate\\Routing\\Route), Object(Illuminate\\Http\\Request))
#11 D:\\DEV\\laragon\\www\\ip-mesuji\\vendor\\laravel\\framework\\src\\Illuminate\\Routing\\Router.php(628): Illuminate\\Routing\\Router->runRoute(Object(Illuminate\\Http\\Request), Object(Illuminate\\Routing\\Route))
#12 D:\\DEV\\laragon\\www\\ip-mesuji\\vendor\\laravel\\framework\\src\\Illuminate\\Routing\\Router.php(617): Illuminate\\Routing\\Router->dispatchToRoute(Object(Illuminate\\Http\\Request))
#13 D:\\DEV\\laragon\\www\\ip-mesuji\\vendor\\laravel\\framework\\src\\Illuminate\\Foundation\\Http\\Kernel.php(165): Illuminate\\Routing\\Router->dispatch(Object(Illuminate\\Http\\Request))
#14 D:\\DEV\\laragon\\www\\ip-mesuji\\vendor\\laravel\\framework\\src\\Illuminate\\Pipeline\\Pipeline.php(128): Illuminate\\Foundation\\Http\\Kernel->Illuminate\\Foundation\\Http\\{closure}(Object(Illuminate\\Http\\Request))
#15 D:\\DEV\\laragon\\www\\ip-mesuji\\vendor\\laravel\\framework\\src\\Illuminate\\Foundation\\Http\\Middleware\\TransformsRequest.php(21): Illuminate\\Pipeline\\Pipeline->Illuminate\\Pipeline\\{closure}(Object(Illuminate\\Http\\Request))
#16 D:\\DEV\\laragon\\www\\ip-mesuji\\vendor\\laravel\\framework\\src\\Illuminate\\Pipeline\\Pipeline.php(167): Illuminate\\Foundation\\Http\\Middleware\\TransformsRequest->handle(Object(Illuminate\\Http\\Request), Object(Closure))
#17 D:\\DEV\\laragon\\www\\ip-mesuji\\vendor\\laravel\\framework\\src\\Illuminate\\Foundation\\Http\\Middleware\\TransformsRequest.php(21): Illuminate\\Pipeline\\Pipeline->Illuminate\\Pipeline\\{closure}(Object(Illuminate\\Http\\Request))
#18 D:\\DEV\\laragon\\www\\ip-mesuji\\vendor\\laravel\\framework\\src\\Illuminate\\Pipeline\\Pipeline.php(167): Illuminate\\Foundation\\Http\\Middleware\\TransformsRequest->handle(Object(Illuminate\\Http\\Request), Object(Closure))
#19 D:\\DEV\\laragon\\www\\ip-mesuji\\vendor\\laravel\\framework\\src\\Illuminate\\Foundation\\Http\\Middleware\\ValidatePostSize.php(27): Illuminate\\Pipeline\\Pipeline->Illuminate\\Pipeline\\{closure}(Object(Illuminate\\Http\\Request))
#20 D:\\DEV\\laragon\\www\\ip-mesuji\\vendor\\laravel\\framework\\src\\Illuminate\\Pipeline\\Pipeline.php(167): Illuminate\\Foundation\\Http\\Middleware\\ValidatePostSize->handle(Object(Illuminate\\Http\\Request), Object(Closure))
#21 D:\\DEV\\laragon\\www\\ip-mesuji\\vendor\\fruitcake\\laravel-cors\\src\\HandleCors.php(37): Illuminate\\Pipeline\\Pipeline->Illuminate\\Pipeline\\{closure}(Object(Illuminate\\Http\\Request))
#22 D:\\DEV\\laragon\\www\\ip-mesuji\\vendor\\laravel\\framework\\src\\Illuminate\\Pipeline\\Pipeline.php(167): Fruitcake\\Cors\\HandleCors->handle(Object(Illuminate\\Http\\Request), Object(Closure))
#23 D:\\DEV\\laragon\\www\\ip-mesuji\\vendor\\laravel\\framework\\src\\Illuminate\\Foundation\\Http\\Middleware\\CheckForMaintenanceMode.php(63): Illuminate\\Pipeline\\Pipeline->Illuminate\\Pipeline\\{closure}(Object(Illuminate\\Http\\Request))
#24 D:\\DEV\\laragon\\www\\ip-mesuji\\vendor\\laravel\\framework\\src\\Illuminate\\Pipeline\\Pipeline.php(167): Illuminate\\Foundation\\Http\\Middleware\\CheckForMaintenanceMode->handle(Object(Illuminate\\Http\\Request), Object(Closure))
#25 D:\\DEV\\laragon\\www\\ip-mesuji\\vendor\\fideloper\\proxy\\src\\TrustProxies.php(57): Illuminate\\Pipeline\\Pipeline->Illuminate\\Pipeline\\{closure}(Object(Illuminate\\Http\\Request))
#26 D:\\DEV\\laragon\\www\\ip-mesuji\\vendor\\laravel\\framework\\src\\Illuminate\\Pipeline\\Pipeline.php(167): Fideloper\\Proxy\\TrustProxies->handle(Object(Illuminate\\Http\\Request), Object(Closure))
#27 D:\\DEV\\laragon\\www\\ip-mesuji\\vendor\\laravel\\framework\\src\\Illuminate\\Pipeline\\Pipeline.php(103): Illuminate\\Pipeline\\Pipeline->Illuminate\\Pipeline\\{closure}(Object(Illuminate\\Http\\Request))
#28 D:\\DEV\\laragon\\www\\ip-mesuji\\vendor\\laravel\\framework\\src\\Illuminate\\Foundation\\Http\\Kernel.php(140): Illuminate\\Pipeline\\Pipeline->then(Object(Closure))
#29 D:\\DEV\\laragon\\www\\ip-mesuji\\vendor\\laravel\\framework\\src\\Illuminate\\Foundation\\Http\\Kernel.php(109): Illuminate\\Foundation\\Http\\Kernel->sendRequestThroughRouter(Object(Illuminate\\Http\\Request))
#30 D:\\DEV\\laragon\\www\\ip-mesuji\\public\\index.php(55): Illuminate\\Foundation\\Http\\Kernel->handle(Object(Illuminate\\Http\\Request))
#31 D:\\DEV\\laragon\\www\\ip-mesuji\\server.php(21): require_once('D:\\\\DEV\\\\laragon\\\\...')
#32 {main}

[previous exception] [object] (League\\OAuth2\\Server\\Exception\\OAuthServerException(code: 10): The provided authorization grant (e.g., authorization code, resource owner credentials) or refresh token is invalid, expired, revoked, does not match the redirection URI used in the authorization request, or was issued to another client. at D:\\DEV\\laragon\\www\\ip-mesuji\\vendor\\league\\oauth2-server\\src\\Exception\\OAuthServerException.php:263)
[stacktrace]
#0 D:\\DEV\\laragon\\www\\ip-mesuji\\vendor\\league\\oauth2-server\\src\\Grant\\PasswordGrant.php(107): League\\OAuth2\\Server\\Exception\\OAuthServerException::invalidGrant()
#1 D:\\DEV\\laragon\\www\\ip-mesuji\\vendor\\league\\oauth2-server\\src\\Grant\\PasswordGrant.php(54): League\\OAuth2\\Server\\Grant\\PasswordGrant->validateUser(Object(Nyholm\\Psr7\\ServerRequest), Object(Laravel\\Passport\\Bridge\\Client))
#2 D:\\DEV\\laragon\\www\\ip-mesuji\\vendor\\league\\oauth2-server\\src\\AuthorizationServer.php(198): League\\OAuth2\\Server\\Grant\\PasswordGrant->respondToAccessTokenRequest(Object(Nyholm\\Psr7\\ServerRequest), Object(League\\OAuth2\\Server\\ResponseTypes\\BearerTokenResponse), Object(DateInterval))
#3 D:\\DEV\\laragon\\www\\ip-mesuji\\vendor\\laravel\\passport\\src\\Http\\Controllers\\AccessTokenController.php(63): League\\OAuth2\\Server\\AuthorizationServer->respondToAccessTokenRequest(Object(Nyholm\\Psr7\\ServerRequest), Object(Laminas\\Diactoros\\Response))
#4 D:\\DEV\\laragon\\www\\ip-mesuji\\vendor\\laravel\\passport\\src\\Http\\Controllers\\HandlesOAuthErrors.php(24): Laravel\\Passport\\Http\\Controllers\\AccessTokenController->Laravel\\Passport\\Http\\Controllers\\{closure}()
#5 D:\\DEV\\laragon\\www\\ip-mesuji\\vendor\\laravel\\passport\\src\\Http\\Controllers\\AccessTokenController.php(65): Laravel\\Passport\\Http\\Controllers\\AccessTokenController->withErrorHandling(Object(Closure))
#6 D:\\DEV\\laragon\\www\\ip-mesuji\\vendor\\laravel\\framework\\src\\Illuminate\\Routing\\ControllerDispatcher.php(48): Laravel\\Passport\\Http\\Controllers\\AccessTokenController->issueToken(Object(Nyholm\\Psr7\\ServerRequest))
#7 D:\\DEV\\laragon\\www\\ip-mesuji\\vendor\\laravel\\framework\\src\\Illuminate\\Routing\\Route.php(239): Illuminate\\Routing\\ControllerDispatcher->dispatch(Object(Illuminate\\Routing\\Route), Object(Laravel\\Passport\\Http\\Controllers\\AccessTokenController), 'issueToken')
#8 D:\\DEV\\laragon\\www\\ip-mesuji\\vendor\\laravel\\framework\\src\\Illuminate\\Routing\\Route.php(196): Illuminate\\Routing\\Route->runController()
#9 D:\\DEV\\laragon\\www\\ip-mesuji\\vendor\\laravel\\framework\\src\\Illuminate\\Routing\\Router.php(685): Illuminate\\Routing\\Route->run()
#10 D:\\DEV\\laragon\\www\\ip-mesuji\\vendor\\laravel\\framework\\src\\Illuminate\\Pipeline\\Pipeline.php(128): Illuminate\\Routing\\Router->Illuminate\\Routing\\{closure}(Object(Illuminate\\Http\\Request))
#11 D:\\DEV\\laragon\\www\\ip-mesuji\\vendor\\laravel\\framework\\src\\Illuminate\\Routing\\Middleware\\ThrottleRequests.php(59): Illuminate\\Pipeline\\Pipeline->Illuminate\\Pipeline\\{closure}(Object(Illuminate\\Http\\Request))
#12 D:\\DEV\\laragon\\www\\ip-mesuji\\vendor\\laravel\\framework\\src\\Illuminate\\Pipeline\\Pipeline.php(167): Illuminate\\Routing\\Middleware\\ThrottleRequests->handle(Object(Illuminate\\Http\\Request), Object(Closure))
#13 D:\\DEV\\laragon\\www\\ip-mesuji\\vendor\\laravel\\framework\\src\\Illuminate\\Pipeline\\Pipeline.php(103): Illuminate\\Pipeline\\Pipeline->Illuminate\\Pipeline\\{closure}(Object(Illuminate\\Http\\Request))
#14 D:\\DEV\\laragon\\www\\ip-mesuji\\vendor\\laravel\\framework\\src\\Illuminate\\Routing\\Router.php(687): Illuminate\\Pipeline\\Pipeline->then(Object(Closure))
#15 D:\\DEV\\laragon\\www\\ip-mesuji\\vendor\\laravel\\framework\\src\\Illuminate\\Routing\\Router.php(662): Illuminate\\Routing\\Router->runRouteWithinStack(Object(Illuminate\\Routing\\Route), Object(Illuminate\\Http\\Request))
#16 D:\\DEV\\laragon\\www\\ip-mesuji\\vendor\\laravel\\framework\\src\\Illuminate\\Routing\\Router.php(628): Illuminate\\Routing\\Router->runRoute(Object(Illuminate\\Http\\Request), Object(Illuminate\\Routing\\Route))
#17 D:\\DEV\\laragon\\www\\ip-mesuji\\vendor\\laravel\\framework\\src\\Illuminate\\Routing\\Router.php(617): Illuminate\\Routing\\Router->dispatchToRoute(Object(Illuminate\\Http\\Request))
#18 D:\\DEV\\laragon\\www\\ip-mesuji\\vendor\\laravel\\framework\\src\\Illuminate\\Foundation\\Http\\Kernel.php(165): Illuminate\\Routing\\Router->dispatch(Object(Illuminate\\Http\\Request))
#19 D:\\DEV\\laragon\\www\\ip-mesuji\\vendor\\laravel\\framework\\src\\Illuminate\\Pipeline\\Pipeline.php(128): Illuminate\\Foundation\\Http\\Kernel->Illuminate\\Foundation\\Http\\{closure}(Object(Illuminate\\Http\\Request))
#20 D:\\DEV\\laragon\\www\\ip-mesuji\\vendor\\laravel\\framework\\src\\Illuminate\\Foundation\\Http\\Middleware\\TransformsRequest.php(21): Illuminate\\Pipeline\\Pipeline->Illuminate\\Pipeline\\{closure}(Object(Illuminate\\Http\\Request))
#21 D:\\DEV\\laragon\\www\\ip-mesuji\\vendor\\laravel\\framework\\src\\Illuminate\\Pipeline\\Pipeline.php(167): Illuminate\\Foundation\\Http\\Middleware\\TransformsRequest->handle(Object(Illuminate\\Http\\Request), Object(Closure))
#22 D:\\DEV\\laragon\\www\\ip-mesuji\\vendor\\laravel\\framework\\src\\Illuminate\\Foundation\\Http\\Middleware\\TransformsRequest.php(21): Illuminate\\Pipeline\\Pipeline->Illuminate\\Pipeline\\{closure}(Object(Illuminate\\Http\\Request))
#23 D:\\DEV\\laragon\\www\\ip-mesuji\\vendor\\laravel\\framework\\src\\Illuminate\\Pipeline\\Pipeline.php(167): Illuminate\\Foundation\\Http\\Middleware\\TransformsRequest->handle(Object(Illuminate\\Http\\Request), Object(Closure))
#24 D:\\DEV\\laragon\\www\\ip-mesuji\\vendor\\laravel\\framework\\src\\Illuminate\\Foundation\\Http\\Middleware\\ValidatePostSize.php(27): Illuminate\\Pipeline\\Pipeline->Illuminate\\Pipeline\\{closure}(Object(Illuminate\\Http\\Request))
#25 D:\\DEV\\laragon\\www\\ip-mesuji\\vendor\\laravel\\framework\\src\\Illuminate\\Pipeline\\Pipeline.php(167): Illuminate\\Foundation\\Http\\Middleware\\ValidatePostSize->handle(Object(Illuminate\\Http\\Request), Object(Closure))
#26 D:\\DEV\\laragon\\www\\ip-mesuji\\vendor\\fruitcake\\laravel-cors\\src\\HandleCors.php(37): Illuminate\\Pipeline\\Pipeline->Illuminate\\Pipeline\\{closure}(Object(Illuminate\\Http\\Request))
#27 D:\\DEV\\laragon\\www\\ip-mesuji\\vendor\\laravel\\framework\\src\\Illuminate\\Pipeline\\Pipeline.php(167): Fruitcake\\Cors\\HandleCors->handle(Object(Illuminate\\Http\\Request), Object(Closure))
#28 D:\\DEV\\laragon\\www\\ip-mesuji\\vendor\\laravel\\framework\\src\\Illuminate\\Foundation\\Http\\Middleware\\CheckForMaintenanceMode.php(63): Illuminate\\Pipeline\\Pipeline->Illuminate\\Pipeline\\{closure}(Object(Illuminate\\Http\\Request))
#29 D:\\DEV\\laragon\\www\\ip-mesuji\\vendor\\laravel\\framework\\src\\Illuminate\\Pipeline\\Pipeline.php(167): Illuminate\\Foundation\\Http\\Middleware\\CheckForMaintenanceMode->handle(Object(Illuminate\\Http\\Request), Object(Closure))
#30 D:\\DEV\\laragon\\www\\ip-mesuji\\vendor\\fideloper\\proxy\\src\\TrustProxies.php(57): Illuminate\\Pipeline\\Pipeline->Illuminate\\Pipeline\\{closure}(Object(Illuminate\\Http\\Request))
#31 D:\\DEV\\laragon\\www\\ip-mesuji\\vendor\\laravel\\framework\\src\\Illuminate\\Pipeline\\Pipeline.php(167): Fideloper\\Proxy\\TrustProxies->handle(Object(Illuminate\\Http\\Request), Object(Closure))
#32 D:\\DEV\\laragon\\www\\ip-mesuji\\vendor\\laravel\\framework\\src\\Illuminate\\Pipeline\\Pipeline.php(103): Illuminate\\Pipeline\\Pipeline->Illuminate\\Pipeline\\{closure}(Object(Illuminate\\Http\\Request))
#33 D:\\DEV\\laragon\\www\\ip-mesuji\\vendor\\laravel\\framework\\src\\Illuminate\\Foundation\\Http\\Kernel.php(140): Illuminate\\Pipeline\\Pipeline->then(Object(Closure))
#34 D:\\DEV\\laragon\\www\\ip-mesuji\\vendor\\laravel\\framework\\src\\Illuminate\\Foundation\\Http\\Kernel.php(109): Illuminate\\Foundation\\Http\\Kernel->sendRequestThroughRouter(Object(Illuminate\\Http\\Request))
#35 D:\\DEV\\laragon\\www\\ip-mesuji\\public\\index.php(55): Illuminate\\Foundation\\Http\\Kernel->handle(Object(Illuminate\\Http\\Request))
#36 D:\\DEV\\laragon\\www\\ip-mesuji\\server.php(21): require_once('D:\\\\DEV\\\\laragon\\\\...')
#37 {main}
"} 
[2020-09-14 07:14:14] local.ERROR: The provided authorization grant (e.g., authorization code, resource owner credentials) or refresh token is invalid, expired, revoked, does not match the redirection URI used in the authorization request, or was issued to another client. {"exception":"[object] (Laravel\\Passport\\Exceptions\\OAuthServerException(code: 10): The provided authorization grant (e.g., authorization code, resource owner credentials) or refresh token is invalid, expired, revoked, does not match the redirection URI used in the authorization request, or was issued to another client. at D:\\DEV\\laragon\\www\\ip-mesuji\\vendor\\laravel\\passport\\src\\Http\\Controllers\\HandlesOAuthErrors.php:26)
[stacktrace]
#0 D:\\DEV\\laragon\\www\\ip-mesuji\\vendor\\laravel\\passport\\src\\Http\\Controllers\\AccessTokenController.php(65): Laravel\\Passport\\Http\\Controllers\\AccessTokenController->withErrorHandling(Object(Closure))
#1 D:\\DEV\\laragon\\www\\ip-mesuji\\vendor\\laravel\\framework\\src\\Illuminate\\Routing\\ControllerDispatcher.php(48): Laravel\\Passport\\Http\\Controllers\\AccessTokenController->issueToken(Object(Nyholm\\Psr7\\ServerRequest))
#2 D:\\DEV\\laragon\\www\\ip-mesuji\\vendor\\laravel\\framework\\src\\Illuminate\\Routing\\Route.php(239): Illuminate\\Routing\\ControllerDispatcher->dispatch(Object(Illuminate\\Routing\\Route), Object(Laravel\\Passport\\Http\\Controllers\\AccessTokenController), 'issueToken')
#3 D:\\DEV\\laragon\\www\\ip-mesuji\\vendor\\laravel\\framework\\src\\Illuminate\\Routing\\Route.php(196): Illuminate\\Routing\\Route->runController()
#4 D:\\DEV\\laragon\\www\\ip-mesuji\\vendor\\laravel\\framework\\src\\Illuminate\\Routing\\Router.php(685): Illuminate\\Routing\\Route->run()
#5 D:\\DEV\\laragon\\www\\ip-mesuji\\vendor\\laravel\\framework\\src\\Illuminate\\Pipeline\\Pipeline.php(128): Illuminate\\Routing\\Router->Illuminate\\Routing\\{closure}(Object(Illuminate\\Http\\Request))
#6 D:\\DEV\\laragon\\www\\ip-mesuji\\vendor\\laravel\\framework\\src\\Illuminate\\Routing\\Middleware\\ThrottleRequests.php(59): Illuminate\\Pipeline\\Pipeline->Illuminate\\Pipeline\\{closure}(Object(Illuminate\\Http\\Request))
#7 D:\\DEV\\laragon\\www\\ip-mesuji\\vendor\\laravel\\framework\\src\\Illuminate\\Pipeline\\Pipeline.php(167): Illuminate\\Routing\\Middleware\\ThrottleRequests->handle(Object(Illuminate\\Http\\Request), Object(Closure))
#8 D:\\DEV\\laragon\\www\\ip-mesuji\\vendor\\laravel\\framework\\src\\Illuminate\\Pipeline\\Pipeline.php(103): Illuminate\\Pipeline\\Pipeline->Illuminate\\Pipeline\\{closure}(Object(Illuminate\\Http\\Request))
#9 D:\\DEV\\laragon\\www\\ip-mesuji\\vendor\\laravel\\framework\\src\\Illuminate\\Routing\\Router.php(687): Illuminate\\Pipeline\\Pipeline->then(Object(Closure))
#10 D:\\DEV\\laragon\\www\\ip-mesuji\\vendor\\laravel\\framework\\src\\Illuminate\\Routing\\Router.php(662): Illuminate\\Routing\\Router->runRouteWithinStack(Object(Illuminate\\Routing\\Route), Object(Illuminate\\Http\\Request))
#11 D:\\DEV\\laragon\\www\\ip-mesuji\\vendor\\laravel\\framework\\src\\Illuminate\\Routing\\Router.php(628): Illuminate\\Routing\\Router->runRoute(Object(Illuminate\\Http\\Request), Object(Illuminate\\Routing\\Route))
#12 D:\\DEV\\laragon\\www\\ip-mesuji\\vendor\\laravel\\framework\\src\\Illuminate\\Routing\\Router.php(617): Illuminate\\Routing\\Router->dispatchToRoute(Object(Illuminate\\Http\\Request))
#13 D:\\DEV\\laragon\\www\\ip-mesuji\\vendor\\laravel\\framework\\src\\Illuminate\\Foundation\\Http\\Kernel.php(165): Illuminate\\Routing\\Router->dispatch(Object(Illuminate\\Http\\Request))
#14 D:\\DEV\\laragon\\www\\ip-mesuji\\vendor\\laravel\\framework\\src\\Illuminate\\Pipeline\\Pipeline.php(128): Illuminate\\Foundation\\Http\\Kernel->Illuminate\\Foundation\\Http\\{closure}(Object(Illuminate\\Http\\Request))
#15 D:\\DEV\\laragon\\www\\ip-mesuji\\vendor\\laravel\\framework\\src\\Illuminate\\Foundation\\Http\\Middleware\\TransformsRequest.php(21): Illuminate\\Pipeline\\Pipeline->Illuminate\\Pipeline\\{closure}(Object(Illuminate\\Http\\Request))
#16 D:\\DEV\\laragon\\www\\ip-mesuji\\vendor\\laravel\\framework\\src\\Illuminate\\Pipeline\\Pipeline.php(167): Illuminate\\Foundation\\Http\\Middleware\\TransformsRequest->handle(Object(Illuminate\\Http\\Request), Object(Closure))
#17 D:\\DEV\\laragon\\www\\ip-mesuji\\vendor\\laravel\\framework\\src\\Illuminate\\Foundation\\Http\\Middleware\\TransformsRequest.php(21): Illuminate\\Pipeline\\Pipeline->Illuminate\\Pipeline\\{closure}(Object(Illuminate\\Http\\Request))
#18 D:\\DEV\\laragon\\www\\ip-mesuji\\vendor\\laravel\\framework\\src\\Illuminate\\Pipeline\\Pipeline.php(167): Illuminate\\Foundation\\Http\\Middleware\\TransformsRequest->handle(Object(Illuminate\\Http\\Request), Object(Closure))
#19 D:\\DEV\\laragon\\www\\ip-mesuji\\vendor\\laravel\\framework\\src\\Illuminate\\Foundation\\Http\\Middleware\\ValidatePostSize.php(27): Illuminate\\Pipeline\\Pipeline->Illuminate\\Pipeline\\{closure}(Object(Illuminate\\Http\\Request))
#20 D:\\DEV\\laragon\\www\\ip-mesuji\\vendor\\laravel\\framework\\src\\Illuminate\\Pipeline\\Pipeline.php(167): Illuminate\\Foundation\\Http\\Middleware\\ValidatePostSize->handle(Object(Illuminate\\Http\\Request), Object(Closure))
#21 D:\\DEV\\laragon\\www\\ip-mesuji\\vendor\\fruitcake\\laravel-cors\\src\\HandleCors.php(37): Illuminate\\Pipeline\\Pipeline->Illuminate\\Pipeline\\{closure}(Object(Illuminate\\Http\\Request))
#22 D:\\DEV\\laragon\\www\\ip-mesuji\\vendor\\laravel\\framework\\src\\Illuminate\\Pipeline\\Pipeline.php(167): Fruitcake\\Cors\\HandleCors->handle(Object(Illuminate\\Http\\Request), Object(Closure))
#23 D:\\DEV\\laragon\\www\\ip-mesuji\\vendor\\laravel\\framework\\src\\Illuminate\\Foundation\\Http\\Middleware\\CheckForMaintenanceMode.php(63): Illuminate\\Pipeline\\Pipeline->Illuminate\\Pipeline\\{closure}(Object(Illuminate\\Http\\Request))
#24 D:\\DEV\\laragon\\www\\ip-mesuji\\vendor\\laravel\\framework\\src\\Illuminate\\Pipeline\\Pipeline.php(167): Illuminate\\Foundation\\Http\\Middleware\\CheckForMaintenanceMode->handle(Object(Illuminate\\Http\\Request), Object(Closure))
#25 D:\\DEV\\laragon\\www\\ip-mesuji\\vendor\\fideloper\\proxy\\src\\TrustProxies.php(57): Illuminate\\Pipeline\\Pipeline->Illuminate\\Pipeline\\{closure}(Object(Illuminate\\Http\\Request))
#26 D:\\DEV\\laragon\\www\\ip-mesuji\\vendor\\laravel\\framework\\src\\Illuminate\\Pipeline\\Pipeline.php(167): Fideloper\\Proxy\\TrustProxies->handle(Object(Illuminate\\Http\\Request), Object(Closure))
#27 D:\\DEV\\laragon\\www\\ip-mesuji\\vendor\\laravel\\framework\\src\\Illuminate\\Pipeline\\Pipeline.php(103): Illuminate\\Pipeline\\Pipeline->Illuminate\\Pipeline\\{closure}(Object(Illuminate\\Http\\Request))
#28 D:\\DEV\\laragon\\www\\ip-mesuji\\vendor\\laravel\\framework\\src\\Illuminate\\Foundation\\Http\\Kernel.php(140): Illuminate\\Pipeline\\Pipeline->then(Object(Closure))
#29 D:\\DEV\\laragon\\www\\ip-mesuji\\vendor\\laravel\\framework\\src\\Illuminate\\Foundation\\Http\\Kernel.php(109): Illuminate\\Foundation\\Http\\Kernel->sendRequestThroughRouter(Object(Illuminate\\Http\\Request))
#30 D:\\DEV\\laragon\\www\\ip-mesuji\\public\\index.php(55): Illuminate\\Foundation\\Http\\Kernel->handle(Object(Illuminate\\Http\\Request))
#31 D:\\DEV\\laragon\\www\\ip-mesuji\\server.php(21): require_once('D:\\\\DEV\\\\laragon\\\\...')
#32 {main}

[previous exception] [object] (League\\OAuth2\\Server\\Exception\\OAuthServerException(code: 10): The provided authorization grant (e.g., authorization code, resource owner credentials) or refresh token is invalid, expired, revoked, does not match the redirection URI used in the authorization request, or was issued to another client. at D:\\DEV\\laragon\\www\\ip-mesuji\\vendor\\league\\oauth2-server\\src\\Exception\\OAuthServerException.php:263)
[stacktrace]
#0 D:\\DEV\\laragon\\www\\ip-mesuji\\vendor\\league\\oauth2-server\\src\\Grant\\PasswordGrant.php(107): League\\OAuth2\\Server\\Exception\\OAuthServerException::invalidGrant()
#1 D:\\DEV\\laragon\\www\\ip-mesuji\\vendor\\league\\oauth2-server\\src\\Grant\\PasswordGrant.php(54): League\\OAuth2\\Server\\Grant\\PasswordGrant->validateUser(Object(Nyholm\\Psr7\\ServerRequest), Object(Laravel\\Passport\\Bridge\\Client))
#2 D:\\DEV\\laragon\\www\\ip-mesuji\\vendor\\league\\oauth2-server\\src\\AuthorizationServer.php(198): League\\OAuth2\\Server\\Grant\\PasswordGrant->respondToAccessTokenRequest(Object(Nyholm\\Psr7\\ServerRequest), Object(League\\OAuth2\\Server\\ResponseTypes\\BearerTokenResponse), Object(DateInterval))
#3 D:\\DEV\\laragon\\www\\ip-mesuji\\vendor\\laravel\\passport\\src\\Http\\Controllers\\AccessTokenController.php(63): League\\OAuth2\\Server\\AuthorizationServer->respondToAccessTokenRequest(Object(Nyholm\\Psr7\\ServerRequest), Object(Laminas\\Diactoros\\Response))
#4 D:\\DEV\\laragon\\www\\ip-mesuji\\vendor\\laravel\\passport\\src\\Http\\Controllers\\HandlesOAuthErrors.php(24): Laravel\\Passport\\Http\\Controllers\\AccessTokenController->Laravel\\Passport\\Http\\Controllers\\{closure}()
#5 D:\\DEV\\laragon\\www\\ip-mesuji\\vendor\\laravel\\passport\\src\\Http\\Controllers\\AccessTokenController.php(65): Laravel\\Passport\\Http\\Controllers\\AccessTokenController->withErrorHandling(Object(Closure))
#6 D:\\DEV\\laragon\\www\\ip-mesuji\\vendor\\laravel\\framework\\src\\Illuminate\\Routing\\ControllerDispatcher.php(48): Laravel\\Passport\\Http\\Controllers\\AccessTokenController->issueToken(Object(Nyholm\\Psr7\\ServerRequest))
#7 D:\\DEV\\laragon\\www\\ip-mesuji\\vendor\\laravel\\framework\\src\\Illuminate\\Routing\\Route.php(239): Illuminate\\Routing\\ControllerDispatcher->dispatch(Object(Illuminate\\Routing\\Route), Object(Laravel\\Passport\\Http\\Controllers\\AccessTokenController), 'issueToken')
#8 D:\\DEV\\laragon\\www\\ip-mesuji\\vendor\\laravel\\framework\\src\\Illuminate\\Routing\\Route.php(196): Illuminate\\Routing\\Route->runController()
#9 D:\\DEV\\laragon\\www\\ip-mesuji\\vendor\\laravel\\framework\\src\\Illuminate\\Routing\\Router.php(685): Illuminate\\Routing\\Route->run()
#10 D:\\DEV\\laragon\\www\\ip-mesuji\\vendor\\laravel\\framework\\src\\Illuminate\\Pipeline\\Pipeline.php(128): Illuminate\\Routing\\Router->Illuminate\\Routing\\{closure}(Object(Illuminate\\Http\\Request))
#11 D:\\DEV\\laragon\\www\\ip-mesuji\\vendor\\laravel\\framework\\src\\Illuminate\\Routing\\Middleware\\ThrottleRequests.php(59): Illuminate\\Pipeline\\Pipeline->Illuminate\\Pipeline\\{closure}(Object(Illuminate\\Http\\Request))
#12 D:\\DEV\\laragon\\www\\ip-mesuji\\vendor\\laravel\\framework\\src\\Illuminate\\Pipeline\\Pipeline.php(167): Illuminate\\Routing\\Middleware\\ThrottleRequests->handle(Object(Illuminate\\Http\\Request), Object(Closure))
#13 D:\\DEV\\laragon\\www\\ip-mesuji\\vendor\\laravel\\framework\\src\\Illuminate\\Pipeline\\Pipeline.php(103): Illuminate\\Pipeline\\Pipeline->Illuminate\\Pipeline\\{closure}(Object(Illuminate\\Http\\Request))
#14 D:\\DEV\\laragon\\www\\ip-mesuji\\vendor\\laravel\\framework\\src\\Illuminate\\Routing\\Router.php(687): Illuminate\\Pipeline\\Pipeline->then(Object(Closure))
#15 D:\\DEV\\laragon\\www\\ip-mesuji\\vendor\\laravel\\framework\\src\\Illuminate\\Routing\\Router.php(662): Illuminate\\Routing\\Router->runRouteWithinStack(Object(Illuminate\\Routing\\Route), Object(Illuminate\\Http\\Request))
#16 D:\\DEV\\laragon\\www\\ip-mesuji\\vendor\\laravel\\framework\\src\\Illuminate\\Routing\\Router.php(628): Illuminate\\Routing\\Router->runRoute(Object(Illuminate\\Http\\Request), Object(Illuminate\\Routing\\Route))
#17 D:\\DEV\\laragon\\www\\ip-mesuji\\vendor\\laravel\\framework\\src\\Illuminate\\Routing\\Router.php(617): Illuminate\\Routing\\Router->dispatchToRoute(Object(Illuminate\\Http\\Request))
#18 D:\\DEV\\laragon\\www\\ip-mesuji\\vendor\\laravel\\framework\\src\\Illuminate\\Foundation\\Http\\Kernel.php(165): Illuminate\\Routing\\Router->dispatch(Object(Illuminate\\Http\\Request))
#19 D:\\DEV\\laragon\\www\\ip-mesuji\\vendor\\laravel\\framework\\src\\Illuminate\\Pipeline\\Pipeline.php(128): Illuminate\\Foundation\\Http\\Kernel->Illuminate\\Foundation\\Http\\{closure}(Object(Illuminate\\Http\\Request))
#20 D:\\DEV\\laragon\\www\\ip-mesuji\\vendor\\laravel\\framework\\src\\Illuminate\\Foundation\\Http\\Middleware\\TransformsRequest.php(21): Illuminate\\Pipeline\\Pipeline->Illuminate\\Pipeline\\{closure}(Object(Illuminate\\Http\\Request))
#21 D:\\DEV\\laragon\\www\\ip-mesuji\\vendor\\laravel\\framework\\src\\Illuminate\\Pipeline\\Pipeline.php(167): Illuminate\\Foundation\\Http\\Middleware\\TransformsRequest->handle(Object(Illuminate\\Http\\Request), Object(Closure))
#22 D:\\DEV\\laragon\\www\\ip-mesuji\\vendor\\laravel\\framework\\src\\Illuminate\\Foundation\\Http\\Middleware\\TransformsRequest.php(21): Illuminate\\Pipeline\\Pipeline->Illuminate\\Pipeline\\{closure}(Object(Illuminate\\Http\\Request))
#23 D:\\DEV\\laragon\\www\\ip-mesuji\\vendor\\laravel\\framework\\src\\Illuminate\\Pipeline\\Pipeline.php(167): Illuminate\\Foundation\\Http\\Middleware\\TransformsRequest->handle(Object(Illuminate\\Http\\Request), Object(Closure))
#24 D:\\DEV\\laragon\\www\\ip-mesuji\\vendor\\laravel\\framework\\src\\Illuminate\\Foundation\\Http\\Middleware\\ValidatePostSize.php(27): Illuminate\\Pipeline\\Pipeline->Illuminate\\Pipeline\\{closure}(Object(Illuminate\\Http\\Request))
#25 D:\\DEV\\laragon\\www\\ip-mesuji\\vendor\\laravel\\framework\\src\\Illuminate\\Pipeline\\Pipeline.php(167): Illuminate\\Foundation\\Http\\Middleware\\ValidatePostSize->handle(Object(Illuminate\\Http\\Request), Object(Closure))
#26 D:\\DEV\\laragon\\www\\ip-mesuji\\vendor\\fruitcake\\laravel-cors\\src\\HandleCors.php(37): Illuminate\\Pipeline\\Pipeline->Illuminate\\Pipeline\\{closure}(Object(Illuminate\\Http\\Request))
#27 D:\\DEV\\laragon\\www\\ip-mesuji\\vendor\\laravel\\framework\\src\\Illuminate\\Pipeline\\Pipeline.php(167): Fruitcake\\Cors\\HandleCors->handle(Object(Illuminate\\Http\\Request), Object(Closure))
#28 D:\\DEV\\laragon\\www\\ip-mesuji\\vendor\\laravel\\framework\\src\\Illuminate\\Foundation\\Http\\Middleware\\CheckForMaintenanceMode.php(63): Illuminate\\Pipeline\\Pipeline->Illuminate\\Pipeline\\{closure}(Object(Illuminate\\Http\\Request))
#29 D:\\DEV\\laragon\\www\\ip-mesuji\\vendor\\laravel\\framework\\src\\Illuminate\\Pipeline\\Pipeline.php(167): Illuminate\\Foundation\\Http\\Middleware\\CheckForMaintenanceMode->handle(Object(Illuminate\\Http\\Request), Object(Closure))
#30 D:\\DEV\\laragon\\www\\ip-mesuji\\vendor\\fideloper\\proxy\\src\\TrustProxies.php(57): Illuminate\\Pipeline\\Pipeline->Illuminate\\Pipeline\\{closure}(Object(Illuminate\\Http\\Request))
#31 D:\\DEV\\laragon\\www\\ip-mesuji\\vendor\\laravel\\framework\\src\\Illuminate\\Pipeline\\Pipeline.php(167): Fideloper\\Proxy\\TrustProxies->handle(Object(Illuminate\\Http\\Request), Object(Closure))
#32 D:\\DEV\\laragon\\www\\ip-mesuji\\vendor\\laravel\\framework\\src\\Illuminate\\Pipeline\\Pipeline.php(103): Illuminate\\Pipeline\\Pipeline->Illuminate\\Pipeline\\{closure}(Object(Illuminate\\Http\\Request))
#33 D:\\DEV\\laragon\\www\\ip-mesuji\\vendor\\laravel\\framework\\src\\Illuminate\\Foundation\\Http\\Kernel.php(140): Illuminate\\Pipeline\\Pipeline->then(Object(Closure))
#34 D:\\DEV\\laragon\\www\\ip-mesuji\\vendor\\laravel\\framework\\src\\Illuminate\\Foundation\\Http\\Kernel.php(109): Illuminate\\Foundation\\Http\\Kernel->sendRequestThroughRouter(Object(Illuminate\\Http\\Request))
#35 D:\\DEV\\laragon\\www\\ip-mesuji\\public\\index.php(55): Illuminate\\Foundation\\Http\\Kernel->handle(Object(Illuminate\\Http\\Request))
#36 D:\\DEV\\laragon\\www\\ip-mesuji\\server.php(21): require_once('D:\\\\DEV\\\\laragon\\\\...')
#37 {main}
"} 
[2020-09-14 07:15:54] local.ERROR: The provided authorization grant (e.g., authorization code, resource owner credentials) or refresh token is invalid, expired, revoked, does not match the redirection URI used in the authorization request, or was issued to another client. {"exception":"[object] (Laravel\\Passport\\Exceptions\\OAuthServerException(code: 10): The provided authorization grant (e.g., authorization code, resource owner credentials) or refresh token is invalid, expired, revoked, does not match the redirection URI used in the authorization request, or was issued to another client. at D:\\DEV\\laragon\\www\\ip-mesuji\\vendor\\laravel\\passport\\src\\Http\\Controllers\\HandlesOAuthErrors.php:26)
[stacktrace]
#0 D:\\DEV\\laragon\\www\\ip-mesuji\\vendor\\laravel\\passport\\src\\Http\\Controllers\\AccessTokenController.php(65): Laravel\\Passport\\Http\\Controllers\\AccessTokenController->withErrorHandling(Object(Closure))
#1 D:\\DEV\\laragon\\www\\ip-mesuji\\vendor\\laravel\\framework\\src\\Illuminate\\Routing\\ControllerDispatcher.php(48): Laravel\\Passport\\Http\\Controllers\\AccessTokenController->issueToken(Object(Nyholm\\Psr7\\ServerRequest))
#2 D:\\DEV\\laragon\\www\\ip-mesuji\\vendor\\laravel\\framework\\src\\Illuminate\\Routing\\Route.php(239): Illuminate\\Routing\\ControllerDispatcher->dispatch(Object(Illuminate\\Routing\\Route), Object(Laravel\\Passport\\Http\\Controllers\\AccessTokenController), 'issueToken')
#3 D:\\DEV\\laragon\\www\\ip-mesuji\\vendor\\laravel\\framework\\src\\Illuminate\\Routing\\Route.php(196): Illuminate\\Routing\\Route->runController()
#4 D:\\DEV\\laragon\\www\\ip-mesuji\\vendor\\laravel\\framework\\src\\Illuminate\\Routing\\Router.php(685): Illuminate\\Routing\\Route->run()
#5 D:\\DEV\\laragon\\www\\ip-mesuji\\vendor\\laravel\\framework\\src\\Illuminate\\Pipeline\\Pipeline.php(128): Illuminate\\Routing\\Router->Illuminate\\Routing\\{closure}(Object(Illuminate\\Http\\Request))
#6 D:\\DEV\\laragon\\www\\ip-mesuji\\vendor\\laravel\\framework\\src\\Illuminate\\Routing\\Middleware\\ThrottleRequests.php(59): Illuminate\\Pipeline\\Pipeline->Illuminate\\Pipeline\\{closure}(Object(Illuminate\\Http\\Request))
#7 D:\\DEV\\laragon\\www\\ip-mesuji\\vendor\\laravel\\framework\\src\\Illuminate\\Pipeline\\Pipeline.php(167): Illuminate\\Routing\\Middleware\\ThrottleRequests->handle(Object(Illuminate\\Http\\Request), Object(Closure))
#8 D:\\DEV\\laragon\\www\\ip-mesuji\\vendor\\laravel\\framework\\src\\Illuminate\\Pipeline\\Pipeline.php(103): Illuminate\\Pipeline\\Pipeline->Illuminate\\Pipeline\\{closure}(Object(Illuminate\\Http\\Request))
#9 D:\\DEV\\laragon\\www\\ip-mesuji\\vendor\\laravel\\framework\\src\\Illuminate\\Routing\\Router.php(687): Illuminate\\Pipeline\\Pipeline->then(Object(Closure))
#10 D:\\DEV\\laragon\\www\\ip-mesuji\\vendor\\laravel\\framework\\src\\Illuminate\\Routing\\Router.php(662): Illuminate\\Routing\\Router->runRouteWithinStack(Object(Illuminate\\Routing\\Route), Object(Illuminate\\Http\\Request))
#11 D:\\DEV\\laragon\\www\\ip-mesuji\\vendor\\laravel\\framework\\src\\Illuminate\\Routing\\Router.php(628): Illuminate\\Routing\\Router->runRoute(Object(Illuminate\\Http\\Request), Object(Illuminate\\Routing\\Route))
#12 D:\\DEV\\laragon\\www\\ip-mesuji\\vendor\\laravel\\framework\\src\\Illuminate\\Routing\\Router.php(617): Illuminate\\Routing\\Router->dispatchToRoute(Object(Illuminate\\Http\\Request))
#13 D:\\DEV\\laragon\\www\\ip-mesuji\\vendor\\laravel\\framework\\src\\Illuminate\\Foundation\\Http\\Kernel.php(165): Illuminate\\Routing\\Router->dispatch(Object(Illuminate\\Http\\Request))
#14 D:\\DEV\\laragon\\www\\ip-mesuji\\vendor\\laravel\\framework\\src\\Illuminate\\Pipeline\\Pipeline.php(128): Illuminate\\Foundation\\Http\\Kernel->Illuminate\\Foundation\\Http\\{closure}(Object(Illuminate\\Http\\Request))
#15 D:\\DEV\\laragon\\www\\ip-mesuji\\vendor\\laravel\\framework\\src\\Illuminate\\Foundation\\Http\\Middleware\\TransformsRequest.php(21): Illuminate\\Pipeline\\Pipeline->Illuminate\\Pipeline\\{closure}(Object(Illuminate\\Http\\Request))
#16 D:\\DEV\\laragon\\www\\ip-mesuji\\vendor\\laravel\\framework\\src\\Illuminate\\Pipeline\\Pipeline.php(167): Illuminate\\Foundation\\Http\\Middleware\\TransformsRequest->handle(Object(Illuminate\\Http\\Request), Object(Closure))
#17 D:\\DEV\\laragon\\www\\ip-mesuji\\vendor\\laravel\\framework\\src\\Illuminate\\Foundation\\Http\\Middleware\\TransformsRequest.php(21): Illuminate\\Pipeline\\Pipeline->Illuminate\\Pipeline\\{closure}(Object(Illuminate\\Http\\Request))
#18 D:\\DEV\\laragon\\www\\ip-mesuji\\vendor\\laravel\\framework\\src\\Illuminate\\Pipeline\\Pipeline.php(167): Illuminate\\Foundation\\Http\\Middleware\\TransformsRequest->handle(Object(Illuminate\\Http\\Request), Object(Closure))
#19 D:\\DEV\\laragon\\www\\ip-mesuji\\vendor\\laravel\\framework\\src\\Illuminate\\Foundation\\Http\\Middleware\\ValidatePostSize.php(27): Illuminate\\Pipeline\\Pipeline->Illuminate\\Pipeline\\{closure}(Object(Illuminate\\Http\\Request))
#20 D:\\DEV\\laragon\\www\\ip-mesuji\\vendor\\laravel\\framework\\src\\Illuminate\\Pipeline\\Pipeline.php(167): Illuminate\\Foundation\\Http\\Middleware\\ValidatePostSize->handle(Object(Illuminate\\Http\\Request), Object(Closure))
#21 D:\\DEV\\laragon\\www\\ip-mesuji\\vendor\\fruitcake\\laravel-cors\\src\\HandleCors.php(37): Illuminate\\Pipeline\\Pipeline->Illuminate\\Pipeline\\{closure}(Object(Illuminate\\Http\\Request))
#22 D:\\DEV\\laragon\\www\\ip-mesuji\\vendor\\laravel\\framework\\src\\Illuminate\\Pipeline\\Pipeline.php(167): Fruitcake\\Cors\\HandleCors->handle(Object(Illuminate\\Http\\Request), Object(Closure))
#23 D:\\DEV\\laragon\\www\\ip-mesuji\\vendor\\laravel\\framework\\src\\Illuminate\\Foundation\\Http\\Middleware\\CheckForMaintenanceMode.php(63): Illuminate\\Pipeline\\Pipeline->Illuminate\\Pipeline\\{closure}(Object(Illuminate\\Http\\Request))
#24 D:\\DEV\\laragon\\www\\ip-mesuji\\vendor\\laravel\\framework\\src\\Illuminate\\Pipeline\\Pipeline.php(167): Illuminate\\Foundation\\Http\\Middleware\\CheckForMaintenanceMode->handle(Object(Illuminate\\Http\\Request), Object(Closure))
#25 D:\\DEV\\laragon\\www\\ip-mesuji\\vendor\\fideloper\\proxy\\src\\TrustProxies.php(57): Illuminate\\Pipeline\\Pipeline->Illuminate\\Pipeline\\{closure}(Object(Illuminate\\Http\\Request))
#26 D:\\DEV\\laragon\\www\\ip-mesuji\\vendor\\laravel\\framework\\src\\Illuminate\\Pipeline\\Pipeline.php(167): Fideloper\\Proxy\\TrustProxies->handle(Object(Illuminate\\Http\\Request), Object(Closure))
#27 D:\\DEV\\laragon\\www\\ip-mesuji\\vendor\\laravel\\framework\\src\\Illuminate\\Pipeline\\Pipeline.php(103): Illuminate\\Pipeline\\Pipeline->Illuminate\\Pipeline\\{closure}(Object(Illuminate\\Http\\Request))
#28 D:\\DEV\\laragon\\www\\ip-mesuji\\vendor\\laravel\\framework\\src\\Illuminate\\Foundation\\Http\\Kernel.php(140): Illuminate\\Pipeline\\Pipeline->then(Object(Closure))
#29 D:\\DEV\\laragon\\www\\ip-mesuji\\vendor\\laravel\\framework\\src\\Illuminate\\Foundation\\Http\\Kernel.php(109): Illuminate\\Foundation\\Http\\Kernel->sendRequestThroughRouter(Object(Illuminate\\Http\\Request))
#30 D:\\DEV\\laragon\\www\\ip-mesuji\\public\\index.php(55): Illuminate\\Foundation\\Http\\Kernel->handle(Object(Illuminate\\Http\\Request))
#31 D:\\DEV\\laragon\\www\\ip-mesuji\\server.php(21): require_once('D:\\\\DEV\\\\laragon\\\\...')
#32 {main}

[previous exception] [object] (League\\OAuth2\\Server\\Exception\\OAuthServerException(code: 10): The provided authorization grant (e.g., authorization code, resource owner credentials) or refresh token is invalid, expired, revoked, does not match the redirection URI used in the authorization request, or was issued to another client. at D:\\DEV\\laragon\\www\\ip-mesuji\\vendor\\league\\oauth2-server\\src\\Exception\\OAuthServerException.php:263)
[stacktrace]
#0 D:\\DEV\\laragon\\www\\ip-mesuji\\vendor\\league\\oauth2-server\\src\\Grant\\PasswordGrant.php(107): League\\OAuth2\\Server\\Exception\\OAuthServerException::invalidGrant()
#1 D:\\DEV\\laragon\\www\\ip-mesuji\\vendor\\league\\oauth2-server\\src\\Grant\\PasswordGrant.php(54): League\\OAuth2\\Server\\Grant\\PasswordGrant->validateUser(Object(Nyholm\\Psr7\\ServerRequest), Object(Laravel\\Passport\\Bridge\\Client))
#2 D:\\DEV\\laragon\\www\\ip-mesuji\\vendor\\league\\oauth2-server\\src\\AuthorizationServer.php(198): League\\OAuth2\\Server\\Grant\\PasswordGrant->respondToAccessTokenRequest(Object(Nyholm\\Psr7\\ServerRequest), Object(League\\OAuth2\\Server\\ResponseTypes\\BearerTokenResponse), Object(DateInterval))
#3 D:\\DEV\\laragon\\www\\ip-mesuji\\vendor\\laravel\\passport\\src\\Http\\Controllers\\AccessTokenController.php(63): League\\OAuth2\\Server\\AuthorizationServer->respondToAccessTokenRequest(Object(Nyholm\\Psr7\\ServerRequest), Object(Laminas\\Diactoros\\Response))
#4 D:\\DEV\\laragon\\www\\ip-mesuji\\vendor\\laravel\\passport\\src\\Http\\Controllers\\HandlesOAuthErrors.php(24): Laravel\\Passport\\Http\\Controllers\\AccessTokenController->Laravel\\Passport\\Http\\Controllers\\{closure}()
#5 D:\\DEV\\laragon\\www\\ip-mesuji\\vendor\\laravel\\passport\\src\\Http\\Controllers\\AccessTokenController.php(65): Laravel\\Passport\\Http\\Controllers\\AccessTokenController->withErrorHandling(Object(Closure))
#6 D:\\DEV\\laragon\\www\\ip-mesuji\\vendor\\laravel\\framework\\src\\Illuminate\\Routing\\ControllerDispatcher.php(48): Laravel\\Passport\\Http\\Controllers\\AccessTokenController->issueToken(Object(Nyholm\\Psr7\\ServerRequest))
#7 D:\\DEV\\laragon\\www\\ip-mesuji\\vendor\\laravel\\framework\\src\\Illuminate\\Routing\\Route.php(239): Illuminate\\Routing\\ControllerDispatcher->dispatch(Object(Illuminate\\Routing\\Route), Object(Laravel\\Passport\\Http\\Controllers\\AccessTokenController), 'issueToken')
#8 D:\\DEV\\laragon\\www\\ip-mesuji\\vendor\\laravel\\framework\\src\\Illuminate\\Routing\\Route.php(196): Illuminate\\Routing\\Route->runController()
#9 D:\\DEV\\laragon\\www\\ip-mesuji\\vendor\\laravel\\framework\\src\\Illuminate\\Routing\\Router.php(685): Illuminate\\Routing\\Route->run()
#10 D:\\DEV\\laragon\\www\\ip-mesuji\\vendor\\laravel\\framework\\src\\Illuminate\\Pipeline\\Pipeline.php(128): Illuminate\\Routing\\Router->Illuminate\\Routing\\{closure}(Object(Illuminate\\Http\\Request))
#11 D:\\DEV\\laragon\\www\\ip-mesuji\\vendor\\laravel\\framework\\src\\Illuminate\\Routing\\Middleware\\ThrottleRequests.php(59): Illuminate\\Pipeline\\Pipeline->Illuminate\\Pipeline\\{closure}(Object(Illuminate\\Http\\Request))
#12 D:\\DEV\\laragon\\www\\ip-mesuji\\vendor\\laravel\\framework\\src\\Illuminate\\Pipeline\\Pipeline.php(167): Illuminate\\Routing\\Middleware\\ThrottleRequests->handle(Object(Illuminate\\Http\\Request), Object(Closure))
#13 D:\\DEV\\laragon\\www\\ip-mesuji\\vendor\\laravel\\framework\\src\\Illuminate\\Pipeline\\Pipeline.php(103): Illuminate\\Pipeline\\Pipeline->Illuminate\\Pipeline\\{closure}(Object(Illuminate\\Http\\Request))
#14 D:\\DEV\\laragon\\www\\ip-mesuji\\vendor\\laravel\\framework\\src\\Illuminate\\Routing\\Router.php(687): Illuminate\\Pipeline\\Pipeline->then(Object(Closure))
#15 D:\\DEV\\laragon\\www\\ip-mesuji\\vendor\\laravel\\framework\\src\\Illuminate\\Routing\\Router.php(662): Illuminate\\Routing\\Router->runRouteWithinStack(Object(Illuminate\\Routing\\Route), Object(Illuminate\\Http\\Request))
#16 D:\\DEV\\laragon\\www\\ip-mesuji\\vendor\\laravel\\framework\\src\\Illuminate\\Routing\\Router.php(628): Illuminate\\Routing\\Router->runRoute(Object(Illuminate\\Http\\Request), Object(Illuminate\\Routing\\Route))
#17 D:\\DEV\\laragon\\www\\ip-mesuji\\vendor\\laravel\\framework\\src\\Illuminate\\Routing\\Router.php(617): Illuminate\\Routing\\Router->dispatchToRoute(Object(Illuminate\\Http\\Request))
#18 D:\\DEV\\laragon\\www\\ip-mesuji\\vendor\\laravel\\framework\\src\\Illuminate\\Foundation\\Http\\Kernel.php(165): Illuminate\\Routing\\Router->dispatch(Object(Illuminate\\Http\\Request))
#19 D:\\DEV\\laragon\\www\\ip-mesuji\\vendor\\laravel\\framework\\src\\Illuminate\\Pipeline\\Pipeline.php(128): Illuminate\\Foundation\\Http\\Kernel->Illuminate\\Foundation\\Http\\{closure}(Object(Illuminate\\Http\\Request))
#20 D:\\DEV\\laragon\\www\\ip-mesuji\\vendor\\laravel\\framework\\src\\Illuminate\\Foundation\\Http\\Middleware\\TransformsRequest.php(21): Illuminate\\Pipeline\\Pipeline->Illuminate\\Pipeline\\{closure}(Object(Illuminate\\Http\\Request))
#21 D:\\DEV\\laragon\\www\\ip-mesuji\\vendor\\laravel\\framework\\src\\Illuminate\\Pipeline\\Pipeline.php(167): Illuminate\\Foundation\\Http\\Middleware\\TransformsRequest->handle(Object(Illuminate\\Http\\Request), Object(Closure))
#22 D:\\DEV\\laragon\\www\\ip-mesuji\\vendor\\laravel\\framework\\src\\Illuminate\\Foundation\\Http\\Middleware\\TransformsRequest.php(21): Illuminate\\Pipeline\\Pipeline->Illuminate\\Pipeline\\{closure}(Object(Illuminate\\Http\\Request))
#23 D:\\DEV\\laragon\\www\\ip-mesuji\\vendor\\laravel\\framework\\src\\Illuminate\\Pipeline\\Pipeline.php(167): Illuminate\\Foundation\\Http\\Middleware\\TransformsRequest->handle(Object(Illuminate\\Http\\Request), Object(Closure))
#24 D:\\DEV\\laragon\\www\\ip-mesuji\\vendor\\laravel\\framework\\src\\Illuminate\\Foundation\\Http\\Middleware\\ValidatePostSize.php(27): Illuminate\\Pipeline\\Pipeline->Illuminate\\Pipeline\\{closure}(Object(Illuminate\\Http\\Request))
#25 D:\\DEV\\laragon\\www\\ip-mesuji\\vendor\\laravel\\framework\\src\\Illuminate\\Pipeline\\Pipeline.php(167): Illuminate\\Foundation\\Http\\Middleware\\ValidatePostSize->handle(Object(Illuminate\\Http\\Request), Object(Closure))
#26 D:\\DEV\\laragon\\www\\ip-mesuji\\vendor\\fruitcake\\laravel-cors\\src\\HandleCors.php(37): Illuminate\\Pipeline\\Pipeline->Illuminate\\Pipeline\\{closure}(Object(Illuminate\\Http\\Request))
#27 D:\\DEV\\laragon\\www\\ip-mesuji\\vendor\\laravel\\framework\\src\\Illuminate\\Pipeline\\Pipeline.php(167): Fruitcake\\Cors\\HandleCors->handle(Object(Illuminate\\Http\\Request), Object(Closure))
#28 D:\\DEV\\laragon\\www\\ip-mesuji\\vendor\\laravel\\framework\\src\\Illuminate\\Foundation\\Http\\Middleware\\CheckForMaintenanceMode.php(63): Illuminate\\Pipeline\\Pipeline->Illuminate\\Pipeline\\{closure}(Object(Illuminate\\Http\\Request))
#29 D:\\DEV\\laragon\\www\\ip-mesuji\\vendor\\laravel\\framework\\src\\Illuminate\\Pipeline\\Pipeline.php(167): Illuminate\\Foundation\\Http\\Middleware\\CheckForMaintenanceMode->handle(Object(Illuminate\\Http\\Request), Object(Closure))
#30 D:\\DEV\\laragon\\www\\ip-mesuji\\vendor\\fideloper\\proxy\\src\\TrustProxies.php(57): Illuminate\\Pipeline\\Pipeline->Illuminate\\Pipeline\\{closure}(Object(Illuminate\\Http\\Request))
#31 D:\\DEV\\laragon\\www\\ip-mesuji\\vendor\\laravel\\framework\\src\\Illuminate\\Pipeline\\Pipeline.php(167): Fideloper\\Proxy\\TrustProxies->handle(Object(Illuminate\\Http\\Request), Object(Closure))
#32 D:\\DEV\\laragon\\www\\ip-mesuji\\vendor\\laravel\\framework\\src\\Illuminate\\Pipeline\\Pipeline.php(103): Illuminate\\Pipeline\\Pipeline->Illuminate\\Pipeline\\{closure}(Object(Illuminate\\Http\\Request))
#33 D:\\DEV\\laragon\\www\\ip-mesuji\\vendor\\laravel\\framework\\src\\Illuminate\\Foundation\\Http\\Kernel.php(140): Illuminate\\Pipeline\\Pipeline->then(Object(Closure))
#34 D:\\DEV\\laragon\\www\\ip-mesuji\\vendor\\laravel\\framework\\src\\Illuminate\\Foundation\\Http\\Kernel.php(109): Illuminate\\Foundation\\Http\\Kernel->sendRequestThroughRouter(Object(Illuminate\\Http\\Request))
#35 D:\\DEV\\laragon\\www\\ip-mesuji\\public\\index.php(55): Illuminate\\Foundation\\Http\\Kernel->handle(Object(Illuminate\\Http\\Request))
#36 D:\\DEV\\laragon\\www\\ip-mesuji\\server.php(21): require_once('D:\\\\DEV\\\\laragon\\\\...')
#37 {main}
"} 
[2020-09-14 07:17:22] local.ERROR: The provided authorization grant (e.g., authorization code, resource owner credentials) or refresh token is invalid, expired, revoked, does not match the redirection URI used in the authorization request, or was issued to another client. {"exception":"[object] (Laravel\\Passport\\Exceptions\\OAuthServerException(code: 10): The provided authorization grant (e.g., authorization code, resource owner credentials) or refresh token is invalid, expired, revoked, does not match the redirection URI used in the authorization request, or was issued to another client. at D:\\DEV\\laragon\\www\\ip-mesuji\\vendor\\laravel\\passport\\src\\Http\\Controllers\\HandlesOAuthErrors.php:26)
[stacktrace]
#0 D:\\DEV\\laragon\\www\\ip-mesuji\\vendor\\laravel\\passport\\src\\Http\\Controllers\\AccessTokenController.php(65): Laravel\\Passport\\Http\\Controllers\\AccessTokenController->withErrorHandling(Object(Closure))
#1 D:\\DEV\\laragon\\www\\ip-mesuji\\vendor\\laravel\\framework\\src\\Illuminate\\Routing\\ControllerDispatcher.php(48): Laravel\\Passport\\Http\\Controllers\\AccessTokenController->issueToken(Object(Nyholm\\Psr7\\ServerRequest))
#2 D:\\DEV\\laragon\\www\\ip-mesuji\\vendor\\laravel\\framework\\src\\Illuminate\\Routing\\Route.php(239): Illuminate\\Routing\\ControllerDispatcher->dispatch(Object(Illuminate\\Routing\\Route), Object(Laravel\\Passport\\Http\\Controllers\\AccessTokenController), 'issueToken')
#3 D:\\DEV\\laragon\\www\\ip-mesuji\\vendor\\laravel\\framework\\src\\Illuminate\\Routing\\Route.php(196): Illuminate\\Routing\\Route->runController()
#4 D:\\DEV\\laragon\\www\\ip-mesuji\\vendor\\laravel\\framework\\src\\Illuminate\\Routing\\Router.php(685): Illuminate\\Routing\\Route->run()
#5 D:\\DEV\\laragon\\www\\ip-mesuji\\vendor\\laravel\\framework\\src\\Illuminate\\Pipeline\\Pipeline.php(128): Illuminate\\Routing\\Router->Illuminate\\Routing\\{closure}(Object(Illuminate\\Http\\Request))
#6 D:\\DEV\\laragon\\www\\ip-mesuji\\vendor\\laravel\\framework\\src\\Illuminate\\Routing\\Middleware\\ThrottleRequests.php(59): Illuminate\\Pipeline\\Pipeline->Illuminate\\Pipeline\\{closure}(Object(Illuminate\\Http\\Request))
#7 D:\\DEV\\laragon\\www\\ip-mesuji\\vendor\\laravel\\framework\\src\\Illuminate\\Pipeline\\Pipeline.php(167): Illuminate\\Routing\\Middleware\\ThrottleRequests->handle(Object(Illuminate\\Http\\Request), Object(Closure))
#8 D:\\DEV\\laragon\\www\\ip-mesuji\\vendor\\laravel\\framework\\src\\Illuminate\\Pipeline\\Pipeline.php(103): Illuminate\\Pipeline\\Pipeline->Illuminate\\Pipeline\\{closure}(Object(Illuminate\\Http\\Request))
#9 D:\\DEV\\laragon\\www\\ip-mesuji\\vendor\\laravel\\framework\\src\\Illuminate\\Routing\\Router.php(687): Illuminate\\Pipeline\\Pipeline->then(Object(Closure))
#10 D:\\DEV\\laragon\\www\\ip-mesuji\\vendor\\laravel\\framework\\src\\Illuminate\\Routing\\Router.php(662): Illuminate\\Routing\\Router->runRouteWithinStack(Object(Illuminate\\Routing\\Route), Object(Illuminate\\Http\\Request))
#11 D:\\DEV\\laragon\\www\\ip-mesuji\\vendor\\laravel\\framework\\src\\Illuminate\\Routing\\Router.php(628): Illuminate\\Routing\\Router->runRoute(Object(Illuminate\\Http\\Request), Object(Illuminate\\Routing\\Route))
#12 D:\\DEV\\laragon\\www\\ip-mesuji\\vendor\\laravel\\framework\\src\\Illuminate\\Routing\\Router.php(617): Illuminate\\Routing\\Router->dispatchToRoute(Object(Illuminate\\Http\\Request))
#13 D:\\DEV\\laragon\\www\\ip-mesuji\\vendor\\laravel\\framework\\src\\Illuminate\\Foundation\\Http\\Kernel.php(165): Illuminate\\Routing\\Router->dispatch(Object(Illuminate\\Http\\Request))
#14 D:\\DEV\\laragon\\www\\ip-mesuji\\vendor\\laravel\\framework\\src\\Illuminate\\Pipeline\\Pipeline.php(128): Illuminate\\Foundation\\Http\\Kernel->Illuminate\\Foundation\\Http\\{closure}(Object(Illuminate\\Http\\Request))
#15 D:\\DEV\\laragon\\www\\ip-mesuji\\vendor\\laravel\\framework\\src\\Illuminate\\Foundation\\Http\\Middleware\\TransformsRequest.php(21): Illuminate\\Pipeline\\Pipeline->Illuminate\\Pipeline\\{closure}(Object(Illuminate\\Http\\Request))
#16 D:\\DEV\\laragon\\www\\ip-mesuji\\vendor\\laravel\\framework\\src\\Illuminate\\Pipeline\\Pipeline.php(167): Illuminate\\Foundation\\Http\\Middleware\\TransformsRequest->handle(Object(Illuminate\\Http\\Request), Object(Closure))
#17 D:\\DEV\\laragon\\www\\ip-mesuji\\vendor\\laravel\\framework\\src\\Illuminate\\Foundation\\Http\\Middleware\\TransformsRequest.php(21): Illuminate\\Pipeline\\Pipeline->Illuminate\\Pipeline\\{closure}(Object(Illuminate\\Http\\Request))
#18 D:\\DEV\\laragon\\www\\ip-mesuji\\vendor\\laravel\\framework\\src\\Illuminate\\Pipeline\\Pipeline.php(167): Illuminate\\Foundation\\Http\\Middleware\\TransformsRequest->handle(Object(Illuminate\\Http\\Request), Object(Closure))
#19 D:\\DEV\\laragon\\www\\ip-mesuji\\vendor\\laravel\\framework\\src\\Illuminate\\Foundation\\Http\\Middleware\\ValidatePostSize.php(27): Illuminate\\Pipeline\\Pipeline->Illuminate\\Pipeline\\{closure}(Object(Illuminate\\Http\\Request))
#20 D:\\DEV\\laragon\\www\\ip-mesuji\\vendor\\laravel\\framework\\src\\Illuminate\\Pipeline\\Pipeline.php(167): Illuminate\\Foundation\\Http\\Middleware\\ValidatePostSize->handle(Object(Illuminate\\Http\\Request), Object(Closure))
#21 D:\\DEV\\laragon\\www\\ip-mesuji\\vendor\\fruitcake\\laravel-cors\\src\\HandleCors.php(37): Illuminate\\Pipeline\\Pipeline->Illuminate\\Pipeline\\{closure}(Object(Illuminate\\Http\\Request))
#22 D:\\DEV\\laragon\\www\\ip-mesuji\\vendor\\laravel\\framework\\src\\Illuminate\\Pipeline\\Pipeline.php(167): Fruitcake\\Cors\\HandleCors->handle(Object(Illuminate\\Http\\Request), Object(Closure))
#23 D:\\DEV\\laragon\\www\\ip-mesuji\\vendor\\laravel\\framework\\src\\Illuminate\\Foundation\\Http\\Middleware\\CheckForMaintenanceMode.php(63): Illuminate\\Pipeline\\Pipeline->Illuminate\\Pipeline\\{closure}(Object(Illuminate\\Http\\Request))
#24 D:\\DEV\\laragon\\www\\ip-mesuji\\vendor\\laravel\\framework\\src\\Illuminate\\Pipeline\\Pipeline.php(167): Illuminate\\Foundation\\Http\\Middleware\\CheckForMaintenanceMode->handle(Object(Illuminate\\Http\\Request), Object(Closure))
#25 D:\\DEV\\laragon\\www\\ip-mesuji\\vendor\\fideloper\\proxy\\src\\TrustProxies.php(57): Illuminate\\Pipeline\\Pipeline->Illuminate\\Pipeline\\{closure}(Object(Illuminate\\Http\\Request))
#26 D:\\DEV\\laragon\\www\\ip-mesuji\\vendor\\laravel\\framework\\src\\Illuminate\\Pipeline\\Pipeline.php(167): Fideloper\\Proxy\\TrustProxies->handle(Object(Illuminate\\Http\\Request), Object(Closure))
#27 D:\\DEV\\laragon\\www\\ip-mesuji\\vendor\\laravel\\framework\\src\\Illuminate\\Pipeline\\Pipeline.php(103): Illuminate\\Pipeline\\Pipeline->Illuminate\\Pipeline\\{closure}(Object(Illuminate\\Http\\Request))
#28 D:\\DEV\\laragon\\www\\ip-mesuji\\vendor\\laravel\\framework\\src\\Illuminate\\Foundation\\Http\\Kernel.php(140): Illuminate\\Pipeline\\Pipeline->then(Object(Closure))
#29 D:\\DEV\\laragon\\www\\ip-mesuji\\vendor\\laravel\\framework\\src\\Illuminate\\Foundation\\Http\\Kernel.php(109): Illuminate\\Foundation\\Http\\Kernel->sendRequestThroughRouter(Object(Illuminate\\Http\\Request))
#30 D:\\DEV\\laragon\\www\\ip-mesuji\\public\\index.php(55): Illuminate\\Foundation\\Http\\Kernel->handle(Object(Illuminate\\Http\\Request))
#31 D:\\DEV\\laragon\\www\\ip-mesuji\\server.php(21): require_once('D:\\\\DEV\\\\laragon\\\\...')
#32 {main}

[previous exception] [object] (League\\OAuth2\\Server\\Exception\\OAuthServerException(code: 10): The provided authorization grant (e.g., authorization code, resource owner credentials) or refresh token is invalid, expired, revoked, does not match the redirection URI used in the authorization request, or was issued to another client. at D:\\DEV\\laragon\\www\\ip-mesuji\\vendor\\league\\oauth2-server\\src\\Exception\\OAuthServerException.php:263)
[stacktrace]
#0 D:\\DEV\\laragon\\www\\ip-mesuji\\vendor\\league\\oauth2-server\\src\\Grant\\PasswordGrant.php(107): League\\OAuth2\\Server\\Exception\\OAuthServerException::invalidGrant()
#1 D:\\DEV\\laragon\\www\\ip-mesuji\\vendor\\league\\oauth2-server\\src\\Grant\\PasswordGrant.php(54): League\\OAuth2\\Server\\Grant\\PasswordGrant->validateUser(Object(Nyholm\\Psr7\\ServerRequest), Object(Laravel\\Passport\\Bridge\\Client))
#2 D:\\DEV\\laragon\\www\\ip-mesuji\\vendor\\league\\oauth2-server\\src\\AuthorizationServer.php(198): League\\OAuth2\\Server\\Grant\\PasswordGrant->respondToAccessTokenRequest(Object(Nyholm\\Psr7\\ServerRequest), Object(League\\OAuth2\\Server\\ResponseTypes\\BearerTokenResponse), Object(DateInterval))
#3 D:\\DEV\\laragon\\www\\ip-mesuji\\vendor\\laravel\\passport\\src\\Http\\Controllers\\AccessTokenController.php(63): League\\OAuth2\\Server\\AuthorizationServer->respondToAccessTokenRequest(Object(Nyholm\\Psr7\\ServerRequest), Object(Laminas\\Diactoros\\Response))
#4 D:\\DEV\\laragon\\www\\ip-mesuji\\vendor\\laravel\\passport\\src\\Http\\Controllers\\HandlesOAuthErrors.php(24): Laravel\\Passport\\Http\\Controllers\\AccessTokenController->Laravel\\Passport\\Http\\Controllers\\{closure}()
#5 D:\\DEV\\laragon\\www\\ip-mesuji\\vendor\\laravel\\passport\\src\\Http\\Controllers\\AccessTokenController.php(65): Laravel\\Passport\\Http\\Controllers\\AccessTokenController->withErrorHandling(Object(Closure))
#6 D:\\DEV\\laragon\\www\\ip-mesuji\\vendor\\laravel\\framework\\src\\Illuminate\\Routing\\ControllerDispatcher.php(48): Laravel\\Passport\\Http\\Controllers\\AccessTokenController->issueToken(Object(Nyholm\\Psr7\\ServerRequest))
#7 D:\\DEV\\laragon\\www\\ip-mesuji\\vendor\\laravel\\framework\\src\\Illuminate\\Routing\\Route.php(239): Illuminate\\Routing\\ControllerDispatcher->dispatch(Object(Illuminate\\Routing\\Route), Object(Laravel\\Passport\\Http\\Controllers\\AccessTokenController), 'issueToken')
#8 D:\\DEV\\laragon\\www\\ip-mesuji\\vendor\\laravel\\framework\\src\\Illuminate\\Routing\\Route.php(196): Illuminate\\Routing\\Route->runController()
#9 D:\\DEV\\laragon\\www\\ip-mesuji\\vendor\\laravel\\framework\\src\\Illuminate\\Routing\\Router.php(685): Illuminate\\Routing\\Route->run()
#10 D:\\DEV\\laragon\\www\\ip-mesuji\\vendor\\laravel\\framework\\src\\Illuminate\\Pipeline\\Pipeline.php(128): Illuminate\\Routing\\Router->Illuminate\\Routing\\{closure}(Object(Illuminate\\Http\\Request))
#11 D:\\DEV\\laragon\\www\\ip-mesuji\\vendor\\laravel\\framework\\src\\Illuminate\\Routing\\Middleware\\ThrottleRequests.php(59): Illuminate\\Pipeline\\Pipeline->Illuminate\\Pipeline\\{closure}(Object(Illuminate\\Http\\Request))
#12 D:\\DEV\\laragon\\www\\ip-mesuji\\vendor\\laravel\\framework\\src\\Illuminate\\Pipeline\\Pipeline.php(167): Illuminate\\Routing\\Middleware\\ThrottleRequests->handle(Object(Illuminate\\Http\\Request), Object(Closure))
#13 D:\\DEV\\laragon\\www\\ip-mesuji\\vendor\\laravel\\framework\\src\\Illuminate\\Pipeline\\Pipeline.php(103): Illuminate\\Pipeline\\Pipeline->Illuminate\\Pipeline\\{closure}(Object(Illuminate\\Http\\Request))
#14 D:\\DEV\\laragon\\www\\ip-mesuji\\vendor\\laravel\\framework\\src\\Illuminate\\Routing\\Router.php(687): Illuminate\\Pipeline\\Pipeline->then(Object(Closure))
#15 D:\\DEV\\laragon\\www\\ip-mesuji\\vendor\\laravel\\framework\\src\\Illuminate\\Routing\\Router.php(662): Illuminate\\Routing\\Router->runRouteWithinStack(Object(Illuminate\\Routing\\Route), Object(Illuminate\\Http\\Request))
#16 D:\\DEV\\laragon\\www\\ip-mesuji\\vendor\\laravel\\framework\\src\\Illuminate\\Routing\\Router.php(628): Illuminate\\Routing\\Router->runRoute(Object(Illuminate\\Http\\Request), Object(Illuminate\\Routing\\Route))
#17 D:\\DEV\\laragon\\www\\ip-mesuji\\vendor\\laravel\\framework\\src\\Illuminate\\Routing\\Router.php(617): Illuminate\\Routing\\Router->dispatchToRoute(Object(Illuminate\\Http\\Request))
#18 D:\\DEV\\laragon\\www\\ip-mesuji\\vendor\\laravel\\framework\\src\\Illuminate\\Foundation\\Http\\Kernel.php(165): Illuminate\\Routing\\Router->dispatch(Object(Illuminate\\Http\\Request))
#19 D:\\DEV\\laragon\\www\\ip-mesuji\\vendor\\laravel\\framework\\src\\Illuminate\\Pipeline\\Pipeline.php(128): Illuminate\\Foundation\\Http\\Kernel->Illuminate\\Foundation\\Http\\{closure}(Object(Illuminate\\Http\\Request))
#20 D:\\DEV\\laragon\\www\\ip-mesuji\\vendor\\laravel\\framework\\src\\Illuminate\\Foundation\\Http\\Middleware\\TransformsRequest.php(21): Illuminate\\Pipeline\\Pipeline->Illuminate\\Pipeline\\{closure}(Object(Illuminate\\Http\\Request))
#21 D:\\DEV\\laragon\\www\\ip-mesuji\\vendor\\laravel\\framework\\src\\Illuminate\\Pipeline\\Pipeline.php(167): Illuminate\\Foundation\\Http\\Middleware\\TransformsRequest->handle(Object(Illuminate\\Http\\Request), Object(Closure))
#22 D:\\DEV\\laragon\\www\\ip-mesuji\\vendor\\laravel\\framework\\src\\Illuminate\\Foundation\\Http\\Middleware\\TransformsRequest.php(21): Illuminate\\Pipeline\\Pipeline->Illuminate\\Pipeline\\{closure}(Object(Illuminate\\Http\\Request))
#23 D:\\DEV\\laragon\\www\\ip-mesuji\\vendor\\laravel\\framework\\src\\Illuminate\\Pipeline\\Pipeline.php(167): Illuminate\\Foundation\\Http\\Middleware\\TransformsRequest->handle(Object(Illuminate\\Http\\Request), Object(Closure))
#24 D:\\DEV\\laragon\\www\\ip-mesuji\\vendor\\laravel\\framework\\src\\Illuminate\\Foundation\\Http\\Middleware\\ValidatePostSize.php(27): Illuminate\\Pipeline\\Pipeline->Illuminate\\Pipeline\\{closure}(Object(Illuminate\\Http\\Request))
#25 D:\\DEV\\laragon\\www\\ip-mesuji\\vendor\\laravel\\framework\\src\\Illuminate\\Pipeline\\Pipeline.php(167): Illuminate\\Foundation\\Http\\Middleware\\ValidatePostSize->handle(Object(Illuminate\\Http\\Request), Object(Closure))
#26 D:\\DEV\\laragon\\www\\ip-mesuji\\vendor\\fruitcake\\laravel-cors\\src\\HandleCors.php(37): Illuminate\\Pipeline\\Pipeline->Illuminate\\Pipeline\\{closure}(Object(Illuminate\\Http\\Request))
#27 D:\\DEV\\laragon\\www\\ip-mesuji\\vendor\\laravel\\framework\\src\\Illuminate\\Pipeline\\Pipeline.php(167): Fruitcake\\Cors\\HandleCors->handle(Object(Illuminate\\Http\\Request), Object(Closure))
#28 D:\\DEV\\laragon\\www\\ip-mesuji\\vendor\\laravel\\framework\\src\\Illuminate\\Foundation\\Http\\Middleware\\CheckForMaintenanceMode.php(63): Illuminate\\Pipeline\\Pipeline->Illuminate\\Pipeline\\{closure}(Object(Illuminate\\Http\\Request))
#29 D:\\DEV\\laragon\\www\\ip-mesuji\\vendor\\laravel\\framework\\src\\Illuminate\\Pipeline\\Pipeline.php(167): Illuminate\\Foundation\\Http\\Middleware\\CheckForMaintenanceMode->handle(Object(Illuminate\\Http\\Request), Object(Closure))
#30 D:\\DEV\\laragon\\www\\ip-mesuji\\vendor\\fideloper\\proxy\\src\\TrustProxies.php(57): Illuminate\\Pipeline\\Pipeline->Illuminate\\Pipeline\\{closure}(Object(Illuminate\\Http\\Request))
#31 D:\\DEV\\laragon\\www\\ip-mesuji\\vendor\\laravel\\framework\\src\\Illuminate\\Pipeline\\Pipeline.php(167): Fideloper\\Proxy\\TrustProxies->handle(Object(Illuminate\\Http\\Request), Object(Closure))
#32 D:\\DEV\\laragon\\www\\ip-mesuji\\vendor\\laravel\\framework\\src\\Illuminate\\Pipeline\\Pipeline.php(103): Illuminate\\Pipeline\\Pipeline->Illuminate\\Pipeline\\{closure}(Object(Illuminate\\Http\\Request))
#33 D:\\DEV\\laragon\\www\\ip-mesuji\\vendor\\laravel\\framework\\src\\Illuminate\\Foundation\\Http\\Kernel.php(140): Illuminate\\Pipeline\\Pipeline->then(Object(Closure))
#34 D:\\DEV\\laragon\\www\\ip-mesuji\\vendor\\laravel\\framework\\src\\Illuminate\\Foundation\\Http\\Kernel.php(109): Illuminate\\Foundation\\Http\\Kernel->sendRequestThroughRouter(Object(Illuminate\\Http\\Request))
#35 D:\\DEV\\laragon\\www\\ip-mesuji\\public\\index.php(55): Illuminate\\Foundation\\Http\\Kernel->handle(Object(Illuminate\\Http\\Request))
#36 D:\\DEV\\laragon\\www\\ip-mesuji\\server.php(21): require_once('D:\\\\DEV\\\\laragon\\\\...')
#37 {main}
"} 
